{"level":"info","ts":"2023-09-08T15:31:24.962Z","logger":"operator-root","msg":"program arguments: [operator-root operator]"}
{"level":"info","ts":"2023-09-08T15:31:24.962Z","logger":"operator-root","msg":"restart delay set to: 5 seconds."}
{"level":"info","ts":"2023-09-08T15:31:24.962Z","logger":"operator-root","msg":"starting redis operator"}
{"level":"info","ts":"2023-09-08T15:31:24.962Z","logger":"operator-root","msg":"running /usr/local/bin/redis-enterprise-operator "}
{"level":"info","ts":"2023-09-08T15:31:24.983Z","logger":"cmd","msg":"Go Version: go1.20.5"}
{"level":"info","ts":"2023-09-08T15:31:24.984Z","logger":"cmd","msg":"Go OS/Arch: linux/amd64"}
{"level":"info","ts":"2023-09-08T15:31:24.984Z","logger":"cmd","msg":"Service Rigger Version: 7.2.4-2"}
{"level":"info","ts":"2023-09-08T15:31:24.984Z","logger":"cmd","msg":"Bootstrapper Version: 7.2.4-2"}
{"level":"info","ts":"2023-09-08T15:31:25.028Z","logger":"cmd","msg":"Setting up liveness probe web server"}
{"level":"info","ts":"2023-09-08T15:31:27.055Z","logger":"controller-runtime.metrics","msg":"Metrics server is starting to listen","addr":"0.0.0.0:8383"}
{"level":"info","ts":"2023-09-08T15:31:27.055Z","logger":"cmd","msg":"Registering Components."}
{"level":"info","ts":"2023-09-08T15:31:27.055Z","logger":"RedisEnterpriseActiveActiveDatabaseMissingResourcesGeneratorJob","msg":"Active Active Database and Remote Cluster Controllers are enabled - preparing to start the active active database missing resources generation job."}
{"level":"info","ts":"2023-09-08T15:31:27.055Z","logger":"RedisEnterpriseActiveActiveDatabaseHealthReportManagerJob","msg":"Active Active Database and Remote Cluster Controllers are enabled - preparing to start the active active database health report manager job."}
{"level":"info","ts":"2023-09-08T15:31:27.055Z","logger":"controller_redisenterprisedatabase","msg":"Database Controller is enabled"}
{"level":"info","ts":"2023-09-08T15:31:27.055Z","logger":"controller_redisenterpriseremotecluster","msg":"Remote Cluster Controller is enabled"}
{"level":"info","ts":"2023-09-08T15:31:27.055Z","logger":"controller_redisenterpriseactiveactivedatabase","msg":"Active-active database Controller is enabled"}
{"level":"info","ts":"2023-09-08T15:31:27.055Z","msg":"Starting server","path":"/metrics","kind":"metrics","addr":"[::]:8383"}
{"level":"info","ts":"2023-09-08T15:31:27.256Z","msg":"Starting EventSource","controller":"redisenterpriseremotecluster-controller","source":"kind source: *v1alpha1.RedisEnterpriseRemoteCluster"}
{"level":"info","ts":"2023-09-08T15:31:27.256Z","msg":"Starting Controller","controller":"redisenterpriseremotecluster-controller"}
{"level":"info","ts":"2023-09-08T15:31:27.256Z","msg":"Starting EventSource","controller":"redisenterprisecluster-controller","source":"kind source: *v1alpha1.RedisEnterpriseCluster"}
{"level":"info","ts":"2023-09-08T15:31:27.256Z","msg":"Starting EventSource","controller":"redisenterprisedatabase-controller","source":"kind source: *v1alpha1.RedisEnterpriseDatabase"}
{"level":"info","ts":"2023-09-08T15:31:27.256Z","msg":"Starting Controller","controller":"redisenterprisedatabase-controller"}
{"level":"info","ts":"2023-09-08T15:31:27.256Z","msg":"Starting Controller","controller":"redisenterprisecluster-controller"}
{"level":"info","ts":"2023-09-08T15:31:27.256Z","msg":"Starting EventSource","controller":"redisenterpriseactiveactivedatabase-controller","source":"kind source: *v1alpha1.RedisEnterpriseActiveActiveDatabase"}
{"level":"info","ts":"2023-09-08T15:31:27.256Z","msg":"Starting Controller","controller":"redisenterpriseactiveactivedatabase-controller"}
{"level":"info","ts":"2023-09-08T15:31:27.557Z","msg":"Starting workers","controller":"redisenterpriseremotecluster-controller","worker count":1}
{"level":"info","ts":"2023-09-08T15:31:27.557Z","msg":"Starting workers","controller":"redisenterprisedatabase-controller","worker count":1}
{"level":"info","ts":"2023-09-08T15:31:27.557Z","msg":"Starting workers","controller":"redisenterpriseactiveactivedatabase-controller","worker count":1}
{"level":"info","ts":"2023-09-08T15:31:27.557Z","msg":"Starting workers","controller":"redisenterprisecluster-controller","worker count":1}
{"level":"info","ts":"2023-09-08T15:31:27.558Z","logger":"controller_redisenterprisecluster","msg":"Updating defaults","Request.Namespace":"rec","Request.Name":"rec-redis-canadacentral"}
{"level":"info","ts":"2023-09-08T15:31:27.558Z","logger":"controller_redisenterprisecluster","msg":"updateREClusterResource: updating defaults for rec spec"}
{"level":"info","ts":"2023-09-08T15:31:27.570Z","logger":"controller_redisenterprisecluster","msg":"updateREClusterResource: updating defaults for rec status"}
{"level":"info","ts":"2023-09-08T15:31:27.685Z","logger":"controller_redisenterprisecluster","msg":"updateREClusterResource: Status.SpecStatus changed from  to Valid"}
{"level":"info","ts":"2023-09-08T15:31:27.700Z","logger":"controller_redisenterprisecluster","msg":"SpecStatus: Valid Spec validation just passed"}
{"level":"info","ts":"2023-09-08T15:31:27.801Z","logger":"controller_redisenterprisecluster","msg":"updateREClusterResource: Update PVC extra labels annotation"}
{"level":"info","ts":"2023-09-08T15:31:27.813Z","logger":"controller_redisenterprisecluster","msg":"Cluster state: PendingCreation. Requested deployment for cluster, CR: {\"kind\":\"RedisEnterpriseCluster\",\"apiVersion\":\"app.redislabs.com/v1alpha1\",\"metadata\":{\"name\":\"rec-redis-canadacentral\",\"namespace\":\"rec\",\"uid\":\"d57b92f5-6da8-4c69-a3d2-a1484161eb9b\",\"resourceVersion\":\"1959\",\"generation\":2,\"creationTimestamp\":\"2023-09-08T15:31:16Z\",\"annotations\":{\"kubectl.kubernetes.io/last-applied-configuration\":\"{\\\"apiVersion\\\":\\\"app.redislabs.com/v1\\\",\\\"kind\\\":\\\"RedisEnterpriseCluster\\\",\\\"metadata\\\":{\\\"annotations\\\":{},\\\"name\\\":\\\"rec-redis-canadacentral\\\",\\\"namespace\\\":\\\"rec\\\"},\\\"spec\\\":{\\\"ingressOrRouteSpec\\\":{\\\"apiFqdnUrl\\\":\\\"api.redis-canadacentral.demo.umnikov.com\\\",\\\"dbFqdnSuffix\\\":\\\"-db.redis-canadacentral.demo.umnikov.com\\\",\\\"ingressAnnotations\\\":{\\\"haproxy-ingress.github.io/ssl-passthrough\\\":\\\"true\\\",\\\"kubernetes.io/ingress.class\\\":\\\"haproxy\\\"},\\\"method\\\":\\\"ingress\\\"},\\\"nodes\\\":3,\\\"redisEnterpriseNodeResources\\\":{\\\"limits\\\":{\\\"cpu\\\":\\\"1000m\\\",\\\"memory\\\":\\\"4Gi\\\"},\\\"requests\\\":{\\\"cpu\\\":\\\"1000m\\\",\\\"memory\\\":\\\"4Gi\\\"}}}}\\n\",\"operator_version\":\"7.2.4-2\",\"redis.io/pvc_extra_labels\":\"null\"},\"managedFields\":[{\"manager\":\"kubectl-client-side-apply\",\"operation\":\"Update\",\"apiVersion\":\"app.redislabs.com/v1\",\"time\":\"2023-09-08T15:31:16Z\",\"fieldsType\":\"FieldsV1\",\"fieldsV1\":{\"f:metadata\":{\"f:annotations\":{\".\":{},\"f:kubectl.kubernetes.io/last-applied-configuration\":{}}},\"f:spec\":{\".\":{},\"f:ingressOrRouteSpec\":{\".\":{},\"f:apiFqdnUrl\":{},\"f:dbFqdnSuffix\":{},\"f:ingressAnnotations\":{\".\":{},\"f:haproxy-ingress.github.io/ssl-passthrough\":{},\"f:kubernetes.io/ingress.class\":{}},\"f:method\":{}},\"f:nodes\":{},\"f:redisEnterpriseNodeResources\":{\".\":{},\"f:limits\":{\".\":{},\"f:memory\":{}},\"f:requests\":{\".\":{},\"f:memory\":{}}}}}},{\"manager\":\"redis-enterprise-operator\",\"operation\":\"Update\",\"apiVersion\":\"app.redislabs.com/v1alpha1\",\"time\":\"2023-09-08T15:31:27Z\",\"fieldsType\":\"FieldsV1\",\"fieldsV1\":{\"f:metadata\":{\"f:annotations\":{\"f:operator_version\":{},\"f:redis.io/pvc_extra_labels\":{}}},\"f:spec\":{\"f:clusterCredentialSecretName\":{},\"f:clusterCredentialSecretRole\":{},\"f:clusterCredentialSecretType\":{},\"f:createServiceAccount\":{},\"f:persistentSpec\":{\".\":{},\"f:enabled\":{},\"f:storageClassName\":{},\"f:volumeSize\":{}},\"f:podStartingPolicy\":{\".\":{},\"f:enabled\":{},\"f:startingThresholdSeconds\":{}},\"f:redisEnterpriseImageSpec\":{\".\":{},\"f:imagePullPolicy\":{},\"f:repository\":{},\"f:versionTag\":{}},\"f:redisEnterpriseNodeResources\":{\"f:limits\":{\"f:cpu\":{}},\"f:requests\":{\"f:cpu\":{}}},\"f:serviceAccountName\":{},\"f:services\":{\".\":{},\"f:apiService\":{\".\":{},\"f:type\":{}}},\"f:servicesRiggerSpec\":{\".\":{},\"f:databaseServiceType\":{},\"f:serviceNaming\":{}},\"f:uiServiceType\":{},\"f:username\":{}}}},{\"manager\":\"redis-enterprise-operator\",\"operation\":\"Update\",\"apiVersion\":\"app.redislabs.com/v1alpha1\",\"time\":\"2023-09-08T15:31:27Z\",\"fieldsType\":\"FieldsV1\",\"fieldsV1\":{\"f:status\":{\".\":{},\"f:specStatus\":{},\"f:state\":{}}},\"subresource\":\"status\"}]},\"spec\":{\"nodes\":3,\"serviceAccountName\":\"rec-redis-canadacentral\",\"createServiceAccount\":true,\"uiServiceType\":\"ClusterIP\",\"servicesRiggerSpec\":{\"databaseServiceType\":\"cluster_ip,headless\",\"serviceNaming\":\"bdb_name\"},\"username\":\"demo@redis.com\",\"redisEnterpriseImageSpec\":{\"repository\":\"redislabs/redis\",\"versionTag\":\"7.2.4-52\",\"imagePullPolicy\":\"IfNotPresent\"},\"redisEnterpriseNodeResources\":{\"limits\":{\"cpu\":\"1\",\"memory\":\"4Gi\"},\"requests\":{\"cpu\":\"1\",\"memory\":\"4Gi\"}},\"persistentSpec\":{\"enabled\":true,\"storageClassName\":\"\",\"volumeSize\":\"20Gi\"},\"clusterCredentialSecretName\":\"rec-redis-canadacentral\",\"clusterCredentialSecretType\":\"kubernetes\",\"clusterCredentialSecretRole\":\"\",\"podStartingPolicy\":{\"enabled\":false,\"startingThresholdSeconds\":540},\"ingressOrRouteSpec\":{\"method\":\"ingress\",\"apiFqdnUrl\":\"api.redis-canadacentral.demo.umnikov.com\",\"dbFqdnSuffix\":\"-db.redis-canadacentral.demo.umnikov.com\",\"ingressAnnotations\":{\"haproxy-ingress.github.io/ssl-passthrough\":\"true\",\"kubernetes.io/ingress.class\":\"haproxy\"}},\"services\":{\"apiService\":{\"type\":\"ClusterIP\"}}},\"status\":{\"state\":\"PendingCreation\",\"specStatus\":\"Valid\"}}","Request.Namespace":"rec","Request.Name":"rec-redis-canadacentral"}
{"level":"info","ts":"2023-09-08T15:31:27.914Z","logger":"controller_redisenterprisecluster","msg":"Image information","Request.Namespace":"rec","Request.Name":"rec-redis-canadacentral","Operator":"redislabs/operator:7.2.4-2"}
{"level":"info","ts":"2023-09-08T15:31:27.914Z","logger":"controller_redisenterprisecluster","msg":"Image information","Request.Namespace":"rec","Request.Name":"rec-redis-canadacentral","Redis Enterprise":"redislabs/redis:7.2.4-52"}
{"level":"info","ts":"2023-09-08T15:31:27.914Z","logger":"controller_redisenterprisecluster","msg":"Image information","Request.Namespace":"rec","Request.Name":"rec-redis-canadacentral","Services Rigger":"redislabs/k8s-controller:7.2.4-2"}
{"level":"info","ts":"2023-09-08T15:31:27.914Z","logger":"controller_redisenterprisecluster","msg":"Image information","Request.Namespace":"rec","Request.Name":"rec-redis-canadacentral","Bootstrapper":"redislabs/operator:7.2.4-2"}
{"level":"info","ts":"2023-09-08T15:31:27.914Z","logger":"controller_redisenterprisecluster","msg":"Persistent configuration: StorageClassName: not set. VolumeSize: 20Gi","Request.Namespace":"rec","Request.Name":"rec-redis-canadacentral"}
{"level":"info","ts":"2023-09-08T15:31:28.222Z","logger":"controller_redisenterprisecluster","msg":"updateREClusterResource: State changed from PendingCreation to BootstrappingFirstPod."}
{"level":"info","ts":"2023-09-08T15:31:28.332Z","logger":"controller_redisenterprisecluster","msg":"updating bulletinBoard to map[BulletinBoard:bootstrapaction: create_cluster\npodid: 0\nnodezones: {}\n]"}
{"level":"info","ts":"2023-09-08T15:31:28.440Z","logger":"controller_redisenterprisecluster","msg":"updating REC managed API status","Request.Namespace":"rec","Request.Name":"rec-redis-canadacentral","managedAPIs":{"ldap":true}}
{"level":"info","ts":"2023-09-08T15:31:28.451Z","logger":"controller_redisenterprisecluster","msg":"setting REC finalizers","Request.Namespace":"rec","Request.Name":"rec-redis-canadacentral","finalizers":["redbfinalizer.redisenterpriseclusters.app.redislabs.com","stsfinalizer.redisenterprisecluster.app.redislabs.com","recpodfinalizer.redisenterprisecluster.app.redislabs.com","reaadbfinalizer.redisenterprisecluster.app.redislabs.com"]}
{"level":"info","ts":"2023-09-08T15:31:28.469Z","logger":"controller_redisenterprisecluster","msg":"Could not update Redis Enterprise Cluster: Operation cannot be fulfilled on redisenterpriseclusters.app.redislabs.com \"rec-redis-canadacentral\": the object has been modified; please apply your changes to the latest version and try again (&{{RedisEnterpriseCluster app.redislabs.com/v1alpha1} {rec-redis-canadacentral  rec  d57b92f5-6da8-4c69-a3d2-a1484161eb9b 2011 2 2023-09-08 15:31:16 +0000 UTC <nil> <nil> map[] map[kubectl.kubernetes.io/last-applied-configuration:{\"apiVersion\":\"app.redislabs.com/v1\",\"kind\":\"RedisEnterpriseCluster\",\"metadata\":{\"annotations\":{},\"name\":\"rec-redis-canadacentral\",\"namespace\":\"rec\"},\"spec\":{\"ingressOrRouteSpec\":{\"apiFqdnUrl\":\"api.redis-canadacentral.demo.umnikov.com\",\"dbFqdnSuffix\":\"-db.redis-canadacentral.demo.umnikov.com\",\"ingressAnnotations\":{\"haproxy-ingress.github.io/ssl-passthrough\":\"true\",\"kubernetes.io/ingress.class\":\"haproxy\"},\"method\":\"ingress\"},\"nodes\":3,\"redisEnterpriseNodeResources\":{\"limits\":{\"cpu\":\"1000m\",\"memory\":\"4Gi\"},\"requests\":{\"cpu\":\"1000m\",\"memory\":\"4Gi\"}}}}\n operator_version:7.2.4-2 redis.io/pvc_extra_labels:null] [] [] [{kubectl-client-side-apply Update app.redislabs.com/v1 2023-09-08 15:31:16 +0000 UTC FieldsV1 {\"f:metadata\":{\"f:annotations\":{\".\":{},\"f:kubectl.kubernetes.io/last-applied-configuration\":{}}},\"f:spec\":{\".\":{},\"f:ingressOrRouteSpec\":{\".\":{},\"f:apiFqdnUrl\":{},\"f:dbFqdnSuffix\":{},\"f:ingressAnnotations\":{\".\":{},\"f:haproxy-ingress.github.io/ssl-passthrough\":{},\"f:kubernetes.io/ingress.class\":{}},\"f:method\":{}},\"f:nodes\":{},\"f:redisEnterpriseNodeResources\":{\".\":{},\"f:limits\":{\".\":{},\"f:memory\":{}},\"f:requests\":{\".\":{},\"f:memory\":{}}}}} } {redis-enterprise-operator Update app.redislabs.com/v1alpha1 2023-09-08 15:31:27 +0000 UTC FieldsV1 {\"f:metadata\":{\"f:annotations\":{\"f:operator_version\":{},\"f:redis.io/pvc_extra_labels\":{}}},\"f:spec\":{\"f:clusterCredentialSecretName\":{},\"f:clusterCredentialSecretRole\":{},\"f:clusterCredentialSecretType\":{},\"f:createServiceAccount\":{},\"f:persistentSpec\":{\".\":{},\"f:enabled\":{},\"f:storageClassName\":{},\"f:volumeSize\":{}},\"f:podStartingPolicy\":{\".\":{},\"f:enabled\":{},\"f:startingThresholdSeconds\":{}},\"f:redisEnterpriseImageSpec\":{\".\":{},\"f:imagePullPolicy\":{},\"f:repository\":{},\"f:versionTag\":{}},\"f:redisEnterpriseNodeResources\":{\"f:limits\":{\"f:cpu\":{}},\"f:requests\":{\"f:cpu\":{}}},\"f:serviceAccountName\":{},\"f:services\":{\".\":{},\"f:apiService\":{\".\":{},\"f:type\":{}}},\"f:servicesRiggerSpec\":{\".\":{},\"f:databaseServiceType\":{},\"f:serviceNaming\":{}},\"f:uiServiceType\":{},\"f:username\":{}}} } {redis-enterprise-operator Update app.redislabs.com/v1alpha1 2023-09-08 15:31:28 +0000 UTC FieldsV1 {\"f:status\":{\".\":{},\"f:managedAPIs\":{\".\":{},\"f:ldap\":{}},\"f:specStatus\":{},\"f:state\":{}}} status}]} {3 rec-redis-canadacentral 0xc00079920e 0xc0004ff5b0 map[] 0xc000400190 nil   demo@redis.com <nil> 0xc000978140 <nil> <nil> &ResourceRequirements{Limits:ResourceList{cpu: {{1 0} {<nil>} 1 DecimalSI},memory: {{4294967296 0} {<nil>} 4Gi BinarySI},},Requests:ResourceList{cpu: {{1 0} {<nil>} 1 DecimalSI},memory: {{4294967296 0} {<nil>} 4Gi BinarySI},},Claims:[]ResourceClaim{},} nil nil [] {0xc00079920f  {{21474836480 0} {<nil>} 20Gi BinarySI}} [] map[] nil [] <nil> <nil>  <nil> <nil>   [] [] [] map[] map[] [] <nil> rec-redis-canadacentral kubernetes   <nil> <nil>  <nil> 0xc0004ff5c0 <nil> <nil> <nil> <nil> <nil> 0xc000978180 0xc0004ff5d0 <nil> []} {BootstrappingFirstPod Valid [] <nil> [] <nil> 0xc0002bc870 }})"}
{"level":"error","ts":"2023-09-08T15:31:28.469Z","msg":"Reconciler error","controller":"redisenterprisecluster-controller","object":{"name":"rec-redis-canadacentral","namespace":"rec"},"namespace":"rec","name":"rec-redis-canadacentral","reconcileID":"0cb4e613-5576-46fb-9b97-1244ae776ab2","error":"Operation cannot be fulfilled on redisenterpriseclusters.app.redislabs.com \"rec-redis-canadacentral\": the object has been modified; please apply your changes to the latest version and try again","stacktrace":"sigs.k8s.io/controller-runtime/pkg/internal/controller.(*Controller).reconcileHandler\n\t/go/pkg/mod/sigs.k8s.io/controller-runtime@v0.14.1/pkg/internal/controller/controller.go:329\nsigs.k8s.io/controller-runtime/pkg/internal/controller.(*Controller).processNextWorkItem\n\t/go/pkg/mod/sigs.k8s.io/controller-runtime@v0.14.1/pkg/internal/controller/controller.go:274\nsigs.k8s.io/controller-runtime/pkg/internal/controller.(*Controller).Start.func2.2\n\t/go/pkg/mod/sigs.k8s.io/controller-runtime@v0.14.1/pkg/internal/controller/controller.go:235"}
{"level":"info","ts":"2023-09-08T15:31:28.555Z","logger":"controller_redisenterprisecluster","msg":"Waiting for first pod to bootstrap"}
{"level":"info","ts":"2023-09-08T15:31:29.671Z","logger":"controller_redisenterprisecluster","msg":"Waiting for first pod to bootstrap"}
{"level":"info","ts":"2023-09-08T15:31:29.756Z","logger":"controller_redisenterprisecluster","msg":"Waiting for first pod to bootstrap"}
{"level":"info","ts":"2023-09-08T15:31:29.834Z","logger":"controller_redisenterprisecluster","msg":"Waiting for first pod to bootstrap"}
{"level":"info","ts":"2023-09-08T15:31:29.918Z","logger":"controller_redisenterprisecluster","msg":"Waiting for first pod to bootstrap"}
{"level":"info","ts":"2023-09-08T15:31:30.328Z","logger":"controller_redisenterprisecluster","msg":"Waiting for first pod to bootstrap"}
{"level":"info","ts":"2023-09-08T15:31:31.064Z","logger":"controller_redisenterprisecluster","msg":"Waiting for first pod to bootstrap"}
{"level":"info","ts":"2023-09-08T15:31:32.427Z","logger":"controller_redisenterprisecluster","msg":"Waiting for first pod to bootstrap"}
{"level":"info","ts":"2023-09-08T15:31:33.056Z","logger":"RedisEnterpriseActiveActiveDatabaseHealthReportManagerJob","msg":"Couldn't find env var HEALTH_REPORT_MANAGER_DELAY_PERIOD_SECONDS, using default delay period for health report manager job (2m0s)"}
{"level":"info","ts":"2023-09-08T15:31:35.071Z","logger":"controller_redisenterprisecluster","msg":"Waiting for first pod to bootstrap"}
{"level":"info","ts":"2023-09-08T15:31:37.647Z","logger":"controller_redisenterprisecluster","msg":"Waiting for first pod to bootstrap"}
{"level":"info","ts":"2023-09-08T15:31:40.276Z","logger":"controller_redisenterprisecluster","msg":"Waiting for first pod to bootstrap"}
{"level":"info","ts":"2023-09-08T15:32:11.940Z","logger":"controller_redisenterprisecluster","msg":"Waiting for first pod to bootstrap"}
{"level":"info","ts":"2023-09-08T15:32:13.662Z","logger":"controller_redisenterprisecluster","msg":"Waiting for first pod to bootstrap"}
{"level":"info","ts":"2023-09-08T15:32:18.813Z","logger":"controller_redisenterprisecluster","msg":"Waiting for first pod to bootstrap"}
{"level":"info","ts":"2023-09-08T15:32:23.958Z","logger":"controller_redisenterprisecluster","msg":"Waiting for first pod to bootstrap"}
{"level":"info","ts":"2023-09-08T15:32:29.099Z","logger":"controller_redisenterprisecluster","msg":"Waiting for first pod to bootstrap"}
{"level":"info","ts":"2023-09-08T15:32:32.415Z","logger":"controller_redisenterprisecluster","msg":"Waiting for first pod to bootstrap"}
{"level":"info","ts":"2023-09-08T15:32:47.781Z","logger":"controller_redisenterprisecluster","msg":"Waiting for first pod to bootstrap"}
{"level":"info","ts":"2023-09-08T15:32:49.717Z","logger":"controller_redisenterprisecluster","msg":"Waiting for first pod to bootstrap"}
{"level":"info","ts":"2023-09-08T15:32:54.841Z","logger":"controller_redisenterprisecluster","msg":"Waiting for first pod to bootstrap"}
{"level":"info","ts":"2023-09-08T15:32:59.989Z","logger":"controller_redisenterprisecluster","msg":"Waiting for first pod to bootstrap"}
{"level":"info","ts":"2023-09-08T15:33:05.129Z","logger":"controller_redisenterprisecluster","msg":"Waiting for first pod to bootstrap"}
{"level":"info","ts":"2023-09-08T15:33:10.270Z","logger":"controller_redisenterprisecluster","msg":"Waiting for first pod to bootstrap"}
{"level":"info","ts":"2023-09-08T15:33:15.424Z","logger":"controller_redisenterprisecluster","msg":"Waiting for first pod to bootstrap"}
{"level":"info","ts":"2023-09-08T15:33:20.635Z","logger":"controller_redisenterprisecluster","msg":"First pod bootstrapped successfully"}
{"level":"info","ts":"2023-09-08T15:33:20.794Z","logger":"controller_redisenterprisecluster","msg":"updateREClusterResource: State changed from BootstrappingFirstPod to Initializing."}
{"level":"info","ts":"2023-09-08T15:33:20.806Z","logger":"controller_redisenterprisecluster","msg":"updating bulletinBoard to map[BulletinBoard:bootstrapaction: join_cluster\npodid: null\nnodezones: {}\n]"}
{"level":"info","ts":"2023-09-08T15:33:20.991Z","logger":"controller_redisenterprisecluster","msg":"setting slaveHA grace period","Request.Namespace":"rec","Request.Name":"rec-redis-canadacentral","seconds":1800}
{"level":"info","ts":"2023-09-08T15:33:20.991Z","logger":"controller_redisenterprisecluster","msg":"updating REC module list","Request.Namespace":"rec","Request.Name":"rec-redis-canadacentral","module list":[{"name":"ReJSON","displayName":"RedisJSON","versions":["2.6.6"]},{"name":"bf","displayName":"RedisBloom","versions":["2.6.3"]},{"name":"graph","displayName":"RedisGraph","versions":["2.10.12"]},{"name":"redisgears_2","displayName":"RedisGears","versions":["2.0.11"]},{"name":"search","displayName":"RediSearch 2","versions":["2.8.4"]},{"name":"timeseries","displayName":"RedisTimeSeries","versions":["1.10.4"]}]}
{"level":"info","ts":"2023-09-08T15:33:20.991Z","logger":"controller_redisenterprisecluster","msg":"updateREClusterResource: updating module list"}
{"level":"info","ts":"2023-09-08T15:33:21.003Z","logger":"controller_redisenterprisecluster","msg":"updating REC license status","Request.Namespace":"rec","Request.Name":"rec-redis-canadacentral","license status":{"licenseState":"Valid","activationDate":"2023-09-08T15:32:58Z","expirationDate":"2023-10-08T15:32:58Z","shardsLimit":4}}
{"level":"info","ts":"2023-09-08T15:33:21.003Z","logger":"controller_redisenterprisecluster","msg":"updateREClusterResource: updating license status"}
{"level":"info","ts":"2023-09-08T15:33:21.014Z","logger":"controller_redisenterprisecluster","msg":"updating REC database bundled versions list","Request.Namespace":"rec","Request.Name":"rec-redis-canadacentral","db versions status":[{"dbType":"redis","version":"7.2.0","major":true},{"dbType":"redis","version":"6.2.13","major":true},{"dbType":"redis","version":"6.0.20","major":true},{"dbType":"memcached","version":"1.4.17"}]}
{"level":"info","ts":"2023-09-08T15:33:21.014Z","logger":"controller_redisenterprisecluster","msg":"updateREClusterResource: updating database bundled versions list"}
{"level":"info","ts":"2023-09-08T15:33:21.057Z","logger":"controller_redisenterprisecluster","msg":"Updating REC ingressOrRouteMethod status","Request.Namespace":"rec","Request.Name":"rec-redis-canadacentral","IngressOrRouteMethodStatus":"ingress"}
{"level":"info","ts":"2023-09-08T15:33:21.057Z","logger":"controller_redisenterprisecluster","msg":"updateREClusterResource: Updating REC IngressOrRouteMethodStatus status"}
{"level":"info","ts":"2023-09-08T15:33:21.069Z","logger":"controller_redisenterprisecluster","msg":"Updated cluster IngressOrRouteMethodStatus status","Request.Namespace":"rec","Request.Name":"rec-redis-canadacentral","IngressOrRouteMethodStatus":"ingress"}
{"level":"info","ts":"2023-09-08T15:33:21.077Z","logger":"controller_redisenterprisecluster","msg":"Could not update Redis Enterprise Cluster: Operation cannot be fulfilled on redisenterpriseclusters.app.redislabs.com \"rec-redis-canadacentral\": the object has been modified; please apply your changes to the latest version and try again (&{{RedisEnterpriseCluster app.redislabs.com/v1alpha1} {rec-redis-canadacentral  rec  d57b92f5-6da8-4c69-a3d2-a1484161eb9b 2594 2 2023-09-08 15:31:16 +0000 UTC <nil> <nil> map[] map[kubectl.kubernetes.io/last-applied-configuration:{\"apiVersion\":\"app.redislabs.com/v1\",\"kind\":\"RedisEnterpriseCluster\",\"metadata\":{\"annotations\":{},\"name\":\"rec-redis-canadacentral\",\"namespace\":\"rec\"},\"spec\":{\"ingressOrRouteSpec\":{\"apiFqdnUrl\":\"api.redis-canadacentral.demo.umnikov.com\",\"dbFqdnSuffix\":\"-db.redis-canadacentral.demo.umnikov.com\",\"ingressAnnotations\":{\"haproxy-ingress.github.io/ssl-passthrough\":\"true\",\"kubernetes.io/ingress.class\":\"haproxy\"},\"method\":\"ingress\"},\"nodes\":3,\"redisEnterpriseNodeResources\":{\"limits\":{\"cpu\":\"1000m\",\"memory\":\"4Gi\"},\"requests\":{\"cpu\":\"1000m\",\"memory\":\"4Gi\"}}}}\n operator_version:7.2.4-2 redis.io/pvc_extra_labels:null] [] [redbfinalizer.redisenterpriseclusters.app.redislabs.com stsfinalizer.redisenterprisecluster.app.redislabs.com recpodfinalizer.redisenterprisecluster.app.redislabs.com reaadbfinalizer.redisenterprisecluster.app.redislabs.com] [{kubectl-client-side-apply Update app.redislabs.com/v1 2023-09-08 15:31:16 +0000 UTC FieldsV1 {\"f:metadata\":{\"f:annotations\":{\".\":{},\"f:kubectl.kubernetes.io/last-applied-configuration\":{}}},\"f:spec\":{\".\":{},\"f:ingressOrRouteSpec\":{\".\":{},\"f:apiFqdnUrl\":{},\"f:dbFqdnSuffix\":{},\"f:ingressAnnotations\":{\".\":{},\"f:haproxy-ingress.github.io/ssl-passthrough\":{},\"f:kubernetes.io/ingress.class\":{}},\"f:method\":{}},\"f:nodes\":{},\"f:redisEnterpriseNodeResources\":{\".\":{},\"f:limits\":{\".\":{},\"f:memory\":{}},\"f:requests\":{\".\":{},\"f:memory\":{}}}}} } {redis-enterprise-operator Update app.redislabs.com/v1alpha1 2023-09-08 15:31:28 +0000 UTC FieldsV1 {\"f:metadata\":{\"f:annotations\":{\"f:operator_version\":{},\"f:redis.io/pvc_extra_labels\":{}},\"f:finalizers\":{\".\":{},\"v:\\\"reaadbfinalizer.redisenterprisecluster.app.redislabs.com\\\"\":{},\"v:\\\"recpodfinalizer.redisenterprisecluster.app.redislabs.com\\\"\":{},\"v:\\\"redbfinalizer.redisenterpriseclusters.app.redislabs.com\\\"\":{},\"v:\\\"stsfinalizer.redisenterprisecluster.app.redislabs.com\\\"\":{}}},\"f:spec\":{\"f:clusterCredentialSecretName\":{},\"f:clusterCredentialSecretRole\":{},\"f:clusterCredentialSecretType\":{},\"f:createServiceAccount\":{},\"f:persistentSpec\":{\".\":{},\"f:enabled\":{},\"f:storageClassName\":{},\"f:volumeSize\":{}},\"f:podStartingPolicy\":{\".\":{},\"f:enabled\":{},\"f:startingThresholdSeconds\":{}},\"f:redisEnterpriseImageSpec\":{\".\":{},\"f:imagePullPolicy\":{},\"f:repository\":{},\"f:versionTag\":{}},\"f:redisEnterpriseNodeResources\":{\"f:limits\":{\"f:cpu\":{}},\"f:requests\":{\"f:cpu\":{}}},\"f:serviceAccountName\":{},\"f:services\":{\".\":{},\"f:apiService\":{\".\":{},\"f:type\":{}}},\"f:servicesRiggerSpec\":{\".\":{},\"f:databaseServiceType\":{},\"f:serviceNaming\":{}},\"f:uiServiceType\":{},\"f:username\":{}}} } {redis-enterprise-operator Update app.redislabs.com/v1alpha1 2023-09-08 15:33:21 +0000 UTC FieldsV1 {\"f:status\":{\".\":{},\"f:bundledDatabaseVersions\":{},\"f:licenseStatus\":{\".\":{},\"f:activationDate\":{},\"f:expirationDate\":{},\"f:licenseState\":{},\"f:shardsLimit\":{}},\"f:managedAPIs\":{\".\":{},\"f:ldap\":{}},\"f:modules\":{},\"f:specStatus\":{},\"f:state\":{}}} status}]} {3 rec-redis-canadacentral 0xc000798cc5 0xc0004a01d0 map[] 0xc000499f40 nil   demo@redis.com <nil> 0xc00076e000 <nil> <nil> &ResourceRequirements{Limits:ResourceList{cpu: {{1 0} {<nil>} 1 DecimalSI},memory: {{4294967296 0} {<nil>} 4Gi BinarySI},},Requests:ResourceList{cpu: {{1 0} {<nil>} 1 DecimalSI},memory: {{4294967296 0} {<nil>} 4Gi BinarySI},},Claims:[]ResourceClaim{},} nil nil [] {0xc000798cc6  {{21474836480 0} {<nil>} 20Gi BinarySI}} [] map[] nil [] <nil> <nil>  <nil> <nil>   [] [] [] map[] map[] [] <nil> rec-redis-canadacentral kubernetes   <nil> <nil>  <nil> 0xc0004a0240 <nil> <nil> <nil> <nil> <nil> 0xc00076e040 0xc0004a02b0 <nil> []} {Initializing Valid [{ReJSON RedisJSON [2.6.6]} {bf RedisBloom [2.6.3]} {graph RedisGraph [2.10.12]} {redisgears_2 RedisGears [2.0.11]} {search RediSearch 2 [2.8.4]} {timeseries RedisTimeSeries [1.10.4]}] 0xc00076e0c0 [0xc0006d0450 0xc0006d0480 0xc0006d04b0 0xc0006d04e0] <nil> 0xc0002bc830 }})"}
{"level":"error","ts":"2023-09-08T15:33:21.078Z","msg":"Reconciler error","controller":"redisenterprisecluster-controller","object":{"name":"rec-redis-canadacentral","namespace":"rec"},"namespace":"rec","name":"rec-redis-canadacentral","reconcileID":"2e339804-a121-4a51-a812-8abbfc69a9b9","error":"Operation cannot be fulfilled on redisenterpriseclusters.app.redislabs.com \"rec-redis-canadacentral\": the object has been modified; please apply your changes to the latest version and try again","stacktrace":"sigs.k8s.io/controller-runtime/pkg/internal/controller.(*Controller).reconcileHandler\n\t/go/pkg/mod/sigs.k8s.io/controller-runtime@v0.14.1/pkg/internal/controller/controller.go:329\nsigs.k8s.io/controller-runtime/pkg/internal/controller.(*Controller).processNextWorkItem\n\t/go/pkg/mod/sigs.k8s.io/controller-runtime@v0.14.1/pkg/internal/controller/controller.go:274\nsigs.k8s.io/controller-runtime/pkg/internal/controller.(*Controller).Start.func2.2\n\t/go/pkg/mod/sigs.k8s.io/controller-runtime@v0.14.1/pkg/internal/controller/controller.go:235"}
{"level":"info","ts":"2023-09-08T15:33:21.203Z","logger":"controller_redisenterprisecluster","msg":"Waiting for RedisEnterpriseCluster StatefulSet's pods to be ready: 1/3"}
{"level":"info","ts":"2023-09-08T15:33:25.793Z","logger":"controller_redisenterprisecluster","msg":"Waiting for RedisEnterpriseCluster StatefulSet's pods to be ready: 1/3"}
{"level":"info","ts":"2023-09-08T15:33:30.915Z","logger":"controller_redisenterprisecluster","msg":"Waiting for RedisEnterpriseCluster StatefulSet's pods to be ready: 1/3"}
{"level":"info","ts":"2023-09-08T15:33:36.103Z","logger":"controller_redisenterprisecluster","msg":"Waiting for RedisEnterpriseCluster StatefulSet's pods to be ready: 1/3"}
{"level":"info","ts":"2023-09-08T15:33:41.222Z","logger":"controller_redisenterprisecluster","msg":"Waiting for RedisEnterpriseCluster StatefulSet's pods to be ready: 1/3"}
{"level":"info","ts":"2023-09-08T15:33:46.403Z","logger":"controller_redisenterprisecluster","msg":"Waiting for RedisEnterpriseCluster StatefulSet's pods to be ready: 1/3"}
{"level":"info","ts":"2023-09-08T15:33:51.510Z","logger":"controller_redisenterprisecluster","msg":"Waiting for RedisEnterpriseCluster StatefulSet's pods to be ready: 1/3"}
{"level":"info","ts":"2023-09-08T15:33:56.690Z","logger":"controller_redisenterprisecluster","msg":"Waiting for RedisEnterpriseCluster StatefulSet's pods to be ready: 1/3"}
{"level":"info","ts":"2023-09-08T15:34:01.809Z","logger":"controller_redisenterprisecluster","msg":"Waiting for RedisEnterpriseCluster StatefulSet's pods to be ready: 1/3"}
{"level":"info","ts":"2023-09-08T15:34:06.980Z","logger":"controller_redisenterprisecluster","msg":"Waiting for RedisEnterpriseCluster StatefulSet's pods to be ready: 1/3"}
{"level":"info","ts":"2023-09-08T15:34:12.137Z","logger":"controller_redisenterprisecluster","msg":"Waiting for RedisEnterpriseCluster StatefulSet's pods to be ready: 1/3"}
{"level":"info","ts":"2023-09-08T15:34:17.248Z","logger":"controller_redisenterprisecluster","msg":"Waiting for RedisEnterpriseCluster StatefulSet's pods to be ready: 1/3"}
{"level":"info","ts":"2023-09-08T15:34:22.388Z","logger":"controller_redisenterprisecluster","msg":"Waiting for RedisEnterpriseCluster StatefulSet's pods to be ready: 1/3"}
{"level":"info","ts":"2023-09-08T15:34:27.545Z","logger":"controller_redisenterprisecluster","msg":"Waiting for RedisEnterpriseCluster StatefulSet's pods to be ready: 1/3"}
{"level":"info","ts":"2023-09-08T15:34:32.667Z","logger":"controller_redisenterprisecluster","msg":"Waiting for RedisEnterpriseCluster StatefulSet's pods to be ready: 1/3"}
{"level":"info","ts":"2023-09-08T15:34:37.842Z","logger":"controller_redisenterprisecluster","msg":"Waiting for RedisEnterpriseCluster StatefulSet's pods to be ready: 1/3"}
{"level":"info","ts":"2023-09-08T15:34:42.988Z","logger":"controller_redisenterprisecluster","msg":"Waiting for RedisEnterpriseCluster StatefulSet's pods to be ready: 1/3"}
{"level":"info","ts":"2023-09-08T15:34:43.163Z","logger":"controller_redisenterprisecluster","msg":"updating REC database bundled versions list","Request.Namespace":"rec","Request.Name":"rec-redis-canadacentral","db versions status":null}
{"level":"info","ts":"2023-09-08T15:34:43.163Z","logger":"controller_redisenterprisecluster","msg":"updateREClusterResource: updating database bundled versions list"}
{"level":"info","ts":"2023-09-08T15:34:43.301Z","logger":"controller_redisenterprisecluster","msg":"Waiting for RedisEnterpriseCluster StatefulSet's pods to be ready: 1/3"}
{"level":"info","ts":"2023-09-08T15:34:48.129Z","logger":"controller_redisenterprisecluster","msg":"Waiting for RedisEnterpriseCluster StatefulSet's pods to be ready: 1/3"}
{"level":"info","ts":"2023-09-08T15:34:53.273Z","logger":"controller_redisenterprisecluster","msg":"Waiting for RedisEnterpriseCluster StatefulSet's pods to be ready: 1/3"}
{"level":"info","ts":"2023-09-08T15:34:58.410Z","logger":"controller_redisenterprisecluster","msg":"Waiting for RedisEnterpriseCluster StatefulSet's pods to be ready: 1/3"}
{"level":"info","ts":"2023-09-08T15:35:03.564Z","logger":"controller_redisenterprisecluster","msg":"Waiting for RedisEnterpriseCluster StatefulSet's pods to be ready: 1/3"}
{"level":"info","ts":"2023-09-08T15:35:08.722Z","logger":"controller_redisenterprisecluster","msg":"Waiting for RedisEnterpriseCluster StatefulSet's pods to be ready: 1/3"}
{"level":"info","ts":"2023-09-08T15:35:13.854Z","logger":"controller_redisenterprisecluster","msg":"Waiting for RedisEnterpriseCluster StatefulSet's pods to be ready: 1/3"}
{"level":"info","ts":"2023-09-08T15:35:14.010Z","logger":"controller_redisenterprisecluster","msg":"updating REC database bundled versions list","Request.Namespace":"rec","Request.Name":"rec-redis-canadacentral","db versions status":[{"dbType":"redis","version":"7.2.0","major":true},{"dbType":"redis","version":"6.2.13","major":true},{"dbType":"redis","version":"6.0.20","major":true},{"dbType":"memcached","version":"1.4.17"}]}
{"level":"info","ts":"2023-09-08T15:35:14.010Z","logger":"controller_redisenterprisecluster","msg":"updateREClusterResource: updating database bundled versions list"}
{"level":"info","ts":"2023-09-08T15:35:14.174Z","logger":"controller_redisenterprisecluster","msg":"Waiting for RedisEnterpriseCluster StatefulSet's pods to be ready: 1/3"}
{"level":"info","ts":"2023-09-08T15:35:19.004Z","logger":"controller_redisenterprisecluster","msg":"Waiting for RedisEnterpriseCluster StatefulSet's pods to be ready: 1/3"}
{"level":"info","ts":"2023-09-08T15:35:24.148Z","logger":"controller_redisenterprisecluster","msg":"Waiting for RedisEnterpriseCluster StatefulSet's pods to be ready: 1/3"}
{"level":"info","ts":"2023-09-08T15:35:29.310Z","logger":"controller_redisenterprisecluster","msg":"Waiting for RedisEnterpriseCluster StatefulSet's pods to be ready: 2/3"}
{"level":"info","ts":"2023-09-08T15:35:34.452Z","logger":"controller_redisenterprisecluster","msg":"Waiting for RedisEnterpriseCluster StatefulSet's pods to be ready: 2/3"}
{"level":"info","ts":"2023-09-08T15:35:39.592Z","logger":"controller_redisenterprisecluster","msg":"Waiting for RedisEnterpriseCluster StatefulSet's pods to be ready: 2/3"}
{"level":"info","ts":"2023-09-08T15:35:44.740Z","logger":"controller_redisenterprisecluster","msg":"Waiting for RedisEnterpriseCluster StatefulSet's pods to be ready: 2/3"}
{"level":"info","ts":"2023-09-08T15:35:49.899Z","logger":"controller_redisenterprisecluster","msg":"Waiting for RedisEnterpriseCluster StatefulSet's pods to be ready: 2/3"}
{"level":"info","ts":"2023-09-08T15:35:55.036Z","logger":"controller_redisenterprisecluster","msg":"Waiting for RedisEnterpriseCluster StatefulSet's pods to be ready: 2/3"}
{"level":"info","ts":"2023-09-08T15:36:00.220Z","logger":"controller_redisenterprisecluster","msg":"Waiting for RedisEnterpriseCluster StatefulSet's pods to be ready: 2/3"}
{"level":"info","ts":"2023-09-08T15:36:05.343Z","logger":"controller_redisenterprisecluster","msg":"Waiting for RedisEnterpriseCluster StatefulSet's pods to be ready: 2/3"}
{"level":"info","ts":"2023-09-08T15:36:10.497Z","logger":"controller_redisenterprisecluster","msg":"Waiting for RedisEnterpriseCluster StatefulSet's pods to be ready: 2/3"}
{"level":"info","ts":"2023-09-08T15:36:15.669Z","logger":"controller_redisenterprisecluster","msg":"Waiting for RedisEnterpriseCluster StatefulSet's pods to be ready: 2/3"}
{"level":"info","ts":"2023-09-08T15:36:20.788Z","logger":"controller_redisenterprisecluster","msg":"Waiting for RedisEnterpriseCluster StatefulSet's pods to be ready: 2/3"}
{"level":"info","ts":"2023-09-08T15:36:25.928Z","logger":"controller_redisenterprisecluster","msg":"Waiting for RedisEnterpriseCluster StatefulSet's pods to be ready: 2/3"}
{"level":"info","ts":"2023-09-08T15:36:31.075Z","logger":"controller_redisenterprisecluster","msg":"Waiting for RedisEnterpriseCluster StatefulSet's pods to be ready: 2/3"}
{"level":"info","ts":"2023-09-08T15:36:36.221Z","logger":"controller_redisenterprisecluster","msg":"Waiting for RedisEnterpriseCluster StatefulSet's pods to be ready: 2/3"}
{"level":"info","ts":"2023-09-08T15:36:41.354Z","logger":"controller_redisenterprisecluster","msg":"Waiting for RedisEnterpriseCluster StatefulSet's pods to be ready: 2/3"}
{"level":"info","ts":"2023-09-08T15:36:46.503Z","logger":"controller_redisenterprisecluster","msg":"Waiting for RedisEnterpriseCluster StatefulSet's pods to be ready: 2/3"}
{"level":"info","ts":"2023-09-08T15:36:51.627Z","logger":"controller_redisenterprisecluster","msg":"Waiting for RedisEnterpriseCluster StatefulSet's pods to be ready: 2/3"}
{"level":"info","ts":"2023-09-08T15:36:57.078Z","logger":"controller_redisenterprisecluster","msg":"Waiting for RedisEnterpriseCluster StatefulSet's pods to be ready: 2/3"}
{"level":"info","ts":"2023-09-08T15:37:01.955Z","logger":"controller_redisenterprisecluster","msg":"Waiting for RedisEnterpriseCluster StatefulSet's pods to be ready: 2/3"}
{"level":"info","ts":"2023-09-08T15:37:07.173Z","logger":"controller_redisenterprisecluster","msg":"Waiting for RedisEnterpriseCluster StatefulSet's pods to be ready: 2/3"}
{"level":"info","ts":"2023-09-08T15:37:12.235Z","logger":"controller_redisenterprisecluster","msg":"Waiting for RedisEnterpriseCluster StatefulSet's pods to be ready: 2/3"}
{"level":"info","ts":"2023-09-08T15:37:17.397Z","logger":"controller_redisenterprisecluster","msg":"Waiting for RedisEnterpriseCluster StatefulSet's pods to be ready: 2/3"}
{"level":"info","ts":"2023-09-08T15:37:22.533Z","logger":"controller_redisenterprisecluster","msg":"Waiting for RedisEnterpriseCluster StatefulSet's pods to be ready: 2/3"}
{"level":"info","ts":"2023-09-08T15:37:27.683Z","logger":"controller_redisenterprisecluster","msg":"Waiting for RedisEnterpriseCluster StatefulSet's pods to be ready: 2/3"}
{"level":"info","ts":"2023-09-08T15:37:32.830Z","logger":"controller_redisenterprisecluster","msg":"All of RedisEnterpriseCluster StatefulSet's pods are ready: 3/3"}
{"level":"info","ts":"2023-09-08T15:37:32.931Z","logger":"controller_redisenterprisecluster","msg":"updateREClusterResource: State changed from Initializing to Running."}
{"level":"info","ts":"2023-09-08T15:38:02.920Z","logger":"controller_redisenterpriseremotecluster","msg":"Updating RERC resource","Namespace":"rec","Name":"redis-eastus"}
{"level":"info","ts":"2023-09-08T15:38:02.933Z","logger":"controller_redisenterpriseremotecluster","msg":"updating RERC resource status","Namespace":"rec","Name":"redis-eastus"}
{"level":"info","ts":"2023-09-08T15:38:03.012Z","logger":"controller_redisenterpriseremotecluster","msg":"updating RERC resource status","Namespace":"rec","Name":"redis-eastus"}
{"level":"info","ts":"2023-09-08T15:38:03.218Z","logger":"controller_redisenterpriseremotecluster","msg":"Updating RERC resource","Namespace":"rec","Name":"redis-canadacentral"}
{"level":"info","ts":"2023-09-08T15:38:03.228Z","logger":"controller_redisenterpriseremotecluster","msg":"updating RERC resource status","Namespace":"rec","Name":"redis-canadacentral"}
{"level":"info","ts":"2023-09-08T15:38:03.374Z","logger":"controller_redisenterpriseremotecluster","msg":"updating RERC resource status","Namespace":"rec","Name":"redis-canadacentral"}
{"level":"error","ts":"2023-09-08T15:39:49.180Z","logger":"controller_redisenterpriseremotecluster","msg":"Could not reach cluster object from RERC","Namespace":"rec","Name":"redis-canadacentral","Reason":"Failed executing HTTP request (X-Request-ID: 1ef9a5b8-d745-4ebb-bb83-45e2479096ba): Get \"https://api.redis-canadacentral.demo.umnikov.com/v1/nodes/1\": context deadline exceeded (Client.Timeout exceeded while awaiting headers)","error":"Failed executing HTTP request (X-Request-ID: 1ef9a5b8-d745-4ebb-bb83-45e2479096ba): Get \"https://api.redis-canadacentral.demo.umnikov.com/v1/nodes/1\": context deadline exceeded (Client.Timeout exceeded while awaiting headers)","stacktrace":"github.com/RedisLabs/redis-enterprise-operator/pkg/controller/rerc.getRERCConnectivityFromRemoteCluster\n\t/go/src/github.com/RedisLabs/redis-enterprise-operator/pkg/controller/rerc/helpers.go:159\ngithub.com/RedisLabs/redis-enterprise-operator/pkg/controller/rerc.analyzeRERCConnectivity\n\t/go/src/github.com/RedisLabs/redis-enterprise-operator/pkg/controller/rerc/analyze.go:105\ngithub.com/RedisLabs/redis-enterprise-operator/pkg/controller/rerc.Analyze\n\t/go/src/github.com/RedisLabs/redis-enterprise-operator/pkg/controller/rerc/analyze.go:67\ngithub.com/RedisLabs/redis-enterprise-operator/pkg/controller/rerc.(*ReconcileRedisEnterpriseRemoteCluster).Reconcile\n\t/go/src/github.com/RedisLabs/redis-enterprise-operator/pkg/controller/rerc/redisenterpriseremotecluster_controller.go:126\nsigs.k8s.io/controller-runtime/pkg/internal/controller.(*Controller).Reconcile\n\t/go/pkg/mod/sigs.k8s.io/controller-runtime@v0.14.1/pkg/internal/controller/controller.go:122\nsigs.k8s.io/controller-runtime/pkg/internal/controller.(*Controller).reconcileHandler\n\t/go/pkg/mod/sigs.k8s.io/controller-runtime@v0.14.1/pkg/internal/controller/controller.go:323\nsigs.k8s.io/controller-runtime/pkg/internal/controller.(*Controller).processNextWorkItem\n\t/go/pkg/mod/sigs.k8s.io/controller-runtime@v0.14.1/pkg/internal/controller/controller.go:274\nsigs.k8s.io/controller-runtime/pkg/internal/controller.(*Controller).Start.func2.2\n\t/go/pkg/mod/sigs.k8s.io/controller-runtime@v0.14.1/pkg/internal/controller/controller.go:235"}
{"level":"info","ts":"2023-09-08T15:39:49.180Z","logger":"controller_redisenterpriseremotecluster","msg":"updating RERC resource status","Namespace":"rec","Name":"redis-canadacentral"}
{"level":"info","ts":"2023-09-08T15:39:49.354Z","logger":"controller_redisenterpriseremotecluster","msg":"updating RERC resource status","Namespace":"rec","Name":"redis-canadacentral"}
{"level":"error","ts":"2023-09-08T15:40:51.491Z","logger":"controller_redisenterpriseremotecluster","msg":"Could not reach cluster object from RERC","Namespace":"rec","Name":"redis-eastus","Reason":"Failed executing HTTP request (X-Request-ID: 0b534225-e36e-4ed5-82d9-bccc0dd5bdf5): Get \"https://api.redis-eastus.demo.umnikov.com/v1/nodes/1\": context deadline exceeded (Client.Timeout exceeded while awaiting headers)","error":"Failed executing HTTP request (X-Request-ID: 0b534225-e36e-4ed5-82d9-bccc0dd5bdf5): Get \"https://api.redis-eastus.demo.umnikov.com/v1/nodes/1\": context deadline exceeded (Client.Timeout exceeded while awaiting headers)","stacktrace":"github.com/RedisLabs/redis-enterprise-operator/pkg/controller/rerc.getRERCConnectivityFromRemoteCluster\n\t/go/src/github.com/RedisLabs/redis-enterprise-operator/pkg/controller/rerc/helpers.go:159\ngithub.com/RedisLabs/redis-enterprise-operator/pkg/controller/rerc.analyzeRERCConnectivity\n\t/go/src/github.com/RedisLabs/redis-enterprise-operator/pkg/controller/rerc/analyze.go:105\ngithub.com/RedisLabs/redis-enterprise-operator/pkg/controller/rerc.Analyze\n\t/go/src/github.com/RedisLabs/redis-enterprise-operator/pkg/controller/rerc/analyze.go:67\ngithub.com/RedisLabs/redis-enterprise-operator/pkg/controller/rerc.(*ReconcileRedisEnterpriseRemoteCluster).Reconcile\n\t/go/src/github.com/RedisLabs/redis-enterprise-operator/pkg/controller/rerc/redisenterpriseremotecluster_controller.go:126\nsigs.k8s.io/controller-runtime/pkg/internal/controller.(*Controller).Reconcile\n\t/go/pkg/mod/sigs.k8s.io/controller-runtime@v0.14.1/pkg/internal/controller/controller.go:122\nsigs.k8s.io/controller-runtime/pkg/internal/controller.(*Controller).reconcileHandler\n\t/go/pkg/mod/sigs.k8s.io/controller-runtime@v0.14.1/pkg/internal/controller/controller.go:323\nsigs.k8s.io/controller-runtime/pkg/internal/controller.(*Controller).processNextWorkItem\n\t/go/pkg/mod/sigs.k8s.io/controller-runtime@v0.14.1/pkg/internal/controller/controller.go:274\nsigs.k8s.io/controller-runtime/pkg/internal/controller.(*Controller).Start.func2.2\n\t/go/pkg/mod/sigs.k8s.io/controller-runtime@v0.14.1/pkg/internal/controller/controller.go:235"}
{"level":"info","ts":"2023-09-08T15:40:51.492Z","logger":"controller_redisenterpriseremotecluster","msg":"updating RERC resource status","Namespace":"rec","Name":"redis-eastus"}
{"level":"error","ts":"2023-09-08T15:41:51.503Z","logger":"controller_redisenterpriseremotecluster","msg":"Could not reach cluster object from RERC","Namespace":"rec","Name":"redis-canadacentral","Reason":"Failed executing HTTP request (X-Request-ID: 86e09b49-f52c-49ac-96e6-6bcecd461d30): Get \"https://api.redis-canadacentral.demo.umnikov.com/v1/nodes/1\": context deadline exceeded (Client.Timeout exceeded while awaiting headers)","error":"Failed executing HTTP request (X-Request-ID: 86e09b49-f52c-49ac-96e6-6bcecd461d30): Get \"https://api.redis-canadacentral.demo.umnikov.com/v1/nodes/1\": context deadline exceeded (Client.Timeout exceeded while awaiting headers)","stacktrace":"github.com/RedisLabs/redis-enterprise-operator/pkg/controller/rerc.getRERCConnectivityFromRemoteCluster\n\t/go/src/github.com/RedisLabs/redis-enterprise-operator/pkg/controller/rerc/helpers.go:159\ngithub.com/RedisLabs/redis-enterprise-operator/pkg/controller/rerc.analyzeRERCConnectivity\n\t/go/src/github.com/RedisLabs/redis-enterprise-operator/pkg/controller/rerc/analyze.go:105\ngithub.com/RedisLabs/redis-enterprise-operator/pkg/controller/rerc.Analyze\n\t/go/src/github.com/RedisLabs/redis-enterprise-operator/pkg/controller/rerc/analyze.go:67\ngithub.com/RedisLabs/redis-enterprise-operator/pkg/controller/rerc.(*ReconcileRedisEnterpriseRemoteCluster).Reconcile\n\t/go/src/github.com/RedisLabs/redis-enterprise-operator/pkg/controller/rerc/redisenterpriseremotecluster_controller.go:126\nsigs.k8s.io/controller-runtime/pkg/internal/controller.(*Controller).Reconcile\n\t/go/pkg/mod/sigs.k8s.io/controller-runtime@v0.14.1/pkg/internal/controller/controller.go:122\nsigs.k8s.io/controller-runtime/pkg/internal/controller.(*Controller).reconcileHandler\n\t/go/pkg/mod/sigs.k8s.io/controller-runtime@v0.14.1/pkg/internal/controller/controller.go:323\nsigs.k8s.io/controller-runtime/pkg/internal/controller.(*Controller).processNextWorkItem\n\t/go/pkg/mod/sigs.k8s.io/controller-runtime@v0.14.1/pkg/internal/controller/controller.go:274\nsigs.k8s.io/controller-runtime/pkg/internal/controller.(*Controller).Start.func2.2\n\t/go/pkg/mod/sigs.k8s.io/controller-runtime@v0.14.1/pkg/internal/controller/controller.go:235"}
{"level":"info","ts":"2023-09-08T15:41:51.503Z","logger":"controller_redisenterpriseremotecluster","msg":"updating RERC resource status","Namespace":"rec","Name":"redis-canadacentral"}
{"level":"info","ts":"2023-09-08T15:41:51.623Z","logger":"controller_redisenterpriseremotecluster","msg":"updating RERC resource status","Namespace":"rec","Name":"redis-eastus"}
{"level":"info","ts":"2023-09-08T15:41:51.672Z","logger":"controller_redisenterpriseremotecluster","msg":"updating RERC resource status","Namespace":"rec","Name":"redis-canadacentral"}
{"level":"error","ts":"2023-09-08T15:43:29.982Z","logger":"controller_redisenterpriseremotecluster","msg":"Could not reach cluster object from RERC","Namespace":"rec","Name":"redis-canadacentral","Reason":"Failed executing HTTP request (X-Request-ID: e0dda441-5c0c-4f51-a269-3ec3eb50b561): Get \"https://api.redis-canadacentral.demo.umnikov.com/v1/nodes/1\": context deadline exceeded (Client.Timeout exceeded while awaiting headers)","error":"Failed executing HTTP request (X-Request-ID: e0dda441-5c0c-4f51-a269-3ec3eb50b561): Get \"https://api.redis-canadacentral.demo.umnikov.com/v1/nodes/1\": context deadline exceeded (Client.Timeout exceeded while awaiting headers)","stacktrace":"github.com/RedisLabs/redis-enterprise-operator/pkg/controller/rerc.getRERCConnectivityFromRemoteCluster\n\t/go/src/github.com/RedisLabs/redis-enterprise-operator/pkg/controller/rerc/helpers.go:159\ngithub.com/RedisLabs/redis-enterprise-operator/pkg/controller/rerc.analyzeRERCConnectivity\n\t/go/src/github.com/RedisLabs/redis-enterprise-operator/pkg/controller/rerc/analyze.go:105\ngithub.com/RedisLabs/redis-enterprise-operator/pkg/controller/rerc.Analyze\n\t/go/src/github.com/RedisLabs/redis-enterprise-operator/pkg/controller/rerc/analyze.go:67\ngithub.com/RedisLabs/redis-enterprise-operator/pkg/controller/rerc.(*ReconcileRedisEnterpriseRemoteCluster).Reconcile\n\t/go/src/github.com/RedisLabs/redis-enterprise-operator/pkg/controller/rerc/redisenterpriseremotecluster_controller.go:126\nsigs.k8s.io/controller-runtime/pkg/internal/controller.(*Controller).Reconcile\n\t/go/pkg/mod/sigs.k8s.io/controller-runtime@v0.14.1/pkg/internal/controller/controller.go:122\nsigs.k8s.io/controller-runtime/pkg/internal/controller.(*Controller).reconcileHandler\n\t/go/pkg/mod/sigs.k8s.io/controller-runtime@v0.14.1/pkg/internal/controller/controller.go:323\nsigs.k8s.io/controller-runtime/pkg/internal/controller.(*Controller).processNextWorkItem\n\t/go/pkg/mod/sigs.k8s.io/controller-runtime@v0.14.1/pkg/internal/controller/controller.go:274\nsigs.k8s.io/controller-runtime/pkg/internal/controller.(*Controller).Start.func2.2\n\t/go/pkg/mod/sigs.k8s.io/controller-runtime@v0.14.1/pkg/internal/controller/controller.go:235"}
{"level":"info","ts":"2023-09-08T15:43:29.982Z","logger":"controller_redisenterpriseremotecluster","msg":"updating RERC resource status","Namespace":"rec","Name":"redis-canadacentral"}
{"level":"info","ts":"2023-09-08T15:43:30.166Z","logger":"controller_redisenterpriseremotecluster","msg":"updating RERC resource status","Namespace":"rec","Name":"redis-canadacentral"}
{"level":"error","ts":"2023-09-08T15:45:01.081Z","logger":"controller_redisenterpriseremotecluster","msg":"Could not reach cluster object from RERC","Namespace":"rec","Name":"redis-canadacentral","Reason":"Failed executing HTTP request (X-Request-ID: 0efdf9bb-04b4-4e79-a0d7-fdc5b4678bb9): Get \"https://api.redis-canadacentral.demo.umnikov.com/v1/nodes/1\": context deadline exceeded (Client.Timeout exceeded while awaiting headers)","error":"Failed executing HTTP request (X-Request-ID: 0efdf9bb-04b4-4e79-a0d7-fdc5b4678bb9): Get \"https://api.redis-canadacentral.demo.umnikov.com/v1/nodes/1\": context deadline exceeded (Client.Timeout exceeded while awaiting headers)","stacktrace":"github.com/RedisLabs/redis-enterprise-operator/pkg/controller/rerc.getRERCConnectivityFromRemoteCluster\n\t/go/src/github.com/RedisLabs/redis-enterprise-operator/pkg/controller/rerc/helpers.go:159\ngithub.com/RedisLabs/redis-enterprise-operator/pkg/controller/rerc.analyzeRERCConnectivity\n\t/go/src/github.com/RedisLabs/redis-enterprise-operator/pkg/controller/rerc/analyze.go:105\ngithub.com/RedisLabs/redis-enterprise-operator/pkg/controller/rerc.Analyze\n\t/go/src/github.com/RedisLabs/redis-enterprise-operator/pkg/controller/rerc/analyze.go:67\ngithub.com/RedisLabs/redis-enterprise-operator/pkg/controller/rerc.(*ReconcileRedisEnterpriseRemoteCluster).Reconcile\n\t/go/src/github.com/RedisLabs/redis-enterprise-operator/pkg/controller/rerc/redisenterpriseremotecluster_controller.go:126\nsigs.k8s.io/controller-runtime/pkg/internal/controller.(*Controller).Reconcile\n\t/go/pkg/mod/sigs.k8s.io/controller-runtime@v0.14.1/pkg/internal/controller/controller.go:122\nsigs.k8s.io/controller-runtime/pkg/internal/controller.(*Controller).reconcileHandler\n\t/go/pkg/mod/sigs.k8s.io/controller-runtime@v0.14.1/pkg/internal/controller/controller.go:323\nsigs.k8s.io/controller-runtime/pkg/internal/controller.(*Controller).processNextWorkItem\n\t/go/pkg/mod/sigs.k8s.io/controller-runtime@v0.14.1/pkg/internal/controller/controller.go:274\nsigs.k8s.io/controller-runtime/pkg/internal/controller.(*Controller).Start.func2.2\n\t/go/pkg/mod/sigs.k8s.io/controller-runtime@v0.14.1/pkg/internal/controller/controller.go:235"}
{"level":"info","ts":"2023-09-08T15:45:01.081Z","logger":"controller_redisenterpriseremotecluster","msg":"updating RERC resource status","Namespace":"rec","Name":"redis-canadacentral"}
{"level":"error","ts":"2023-09-08T15:46:01.194Z","logger":"controller_redisenterpriseremotecluster","msg":"Could not reach cluster object from RERC","Namespace":"rec","Name":"redis-canadacentral","Reason":"Failed executing HTTP request (X-Request-ID: d6752063-2ca8-4b0e-83d0-01045f611d1e): Get \"https://api.redis-canadacentral.demo.umnikov.com/v1/nodes/1\": context deadline exceeded (Client.Timeout exceeded while awaiting headers)","error":"Failed executing HTTP request (X-Request-ID: d6752063-2ca8-4b0e-83d0-01045f611d1e): Get \"https://api.redis-canadacentral.demo.umnikov.com/v1/nodes/1\": context deadline exceeded (Client.Timeout exceeded while awaiting headers)","stacktrace":"github.com/RedisLabs/redis-enterprise-operator/pkg/controller/rerc.getRERCConnectivityFromRemoteCluster\n\t/go/src/github.com/RedisLabs/redis-enterprise-operator/pkg/controller/rerc/helpers.go:159\ngithub.com/RedisLabs/redis-enterprise-operator/pkg/controller/rerc.analyzeRERCConnectivity\n\t/go/src/github.com/RedisLabs/redis-enterprise-operator/pkg/controller/rerc/analyze.go:105\ngithub.com/RedisLabs/redis-enterprise-operator/pkg/controller/rerc.Analyze\n\t/go/src/github.com/RedisLabs/redis-enterprise-operator/pkg/controller/rerc/analyze.go:67\ngithub.com/RedisLabs/redis-enterprise-operator/pkg/controller/rerc.(*ReconcileRedisEnterpriseRemoteCluster).Reconcile\n\t/go/src/github.com/RedisLabs/redis-enterprise-operator/pkg/controller/rerc/redisenterpriseremotecluster_controller.go:126\nsigs.k8s.io/controller-runtime/pkg/internal/controller.(*Controller).Reconcile\n\t/go/pkg/mod/sigs.k8s.io/controller-runtime@v0.14.1/pkg/internal/controller/controller.go:122\nsigs.k8s.io/controller-runtime/pkg/internal/controller.(*Controller).reconcileHandler\n\t/go/pkg/mod/sigs.k8s.io/controller-runtime@v0.14.1/pkg/internal/controller/controller.go:323\nsigs.k8s.io/controller-runtime/pkg/internal/controller.(*Controller).processNextWorkItem\n\t/go/pkg/mod/sigs.k8s.io/controller-runtime@v0.14.1/pkg/internal/controller/controller.go:274\nsigs.k8s.io/controller-runtime/pkg/internal/controller.(*Controller).Start.func2.2\n\t/go/pkg/mod/sigs.k8s.io/controller-runtime@v0.14.1/pkg/internal/controller/controller.go:235"}
{"level":"info","ts":"2023-09-08T15:46:01.357Z","logger":"controller_redisenterpriseremotecluster","msg":"updating RERC resource status","Namespace":"rec","Name":"redis-canadacentral"}
{"level":"info","ts":"2023-09-08T15:46:18.923Z","logger":"controller_redisenterpriseactiveactivedatabase","msg":"Creating REAADB: crdb-anton"}
{"level":"info","ts":"2023-09-08T15:46:24.039Z","logger":"controller_redisenterpriseactiveactivedatabase","msg":"Creating REAADB: crdb-anton"}
{"level":"info","ts":"2023-09-08T15:46:24.401Z","logger":"controller_redisenterpriseactiveactivedatabase","msg":"Going to sync REAADB resource.","RecNamespace":"rec","Name":"crdb-anton","reaadbAnnotations":{"redis.io/certs-latest":"{}","redis.io/certs-local":"{}","redis.io/last-reaadb":"{\"redisEnterpriseCluster\":{\"name\":\"rec-redis-canadacentral\"},\"participatingClusters\":[{\"name\":\"redis-eastus\"},{\"name\":\"redis-canadacentral\"}],\"globalConfigurations\":{\"memorySize\":\"200MB\",\"shardCount\":1,\"replication\":true}}","redis.io/operator-created":"true","redis.io/rerc-local":"3888"},"isSpecUpdated":false}
{"level":"info","ts":"2023-09-08T15:46:24.418Z","logger":"controller_redisenterpriseactiveactivedatabase","msg":"Preparing to update RedisEnterpriseActiveActiveDatabase custom resource status","RecNamespace":"rec","Name":"crdb-anton","ActiveActiveDatabaseStatus":{"specStatus":"Valid","status":"active","participatingClusters":[{"name":"redis-eastus","id":1},{"name":"redis-canadacentral","id":2}],"guid":"dc32d63a-c0ba-4ac4-a5d4-3eb39c0a8695","lastTaskUid":"00000000-0000-0000-0000-000000000000","redisEnterpriseCluster":"rec-redis-canadacentral"}}
{"level":"info","ts":"2023-09-08T15:46:24.700Z","logger":"controller_redisenterpriseactiveactivedatabase","msg":"Preparing to update RedisEnterpriseActiveActiveDatabase custom resource status","RecNamespace":"rec","Name":"crdb-anton","ActiveActiveDatabaseStatus":{"specStatus":"Valid","status":"active","participatingClusters":[{"name":"redis-eastus","id":1},{"name":"redis-canadacentral","id":2}],"guid":"dc32d63a-c0ba-4ac4-a5d4-3eb39c0a8695","lastTaskUid":"00000000-0000-0000-0000-000000000000","redisEnterpriseCluster":"rec-redis-canadacentral"}}
{"level":"info","ts":"2023-09-08T15:46:25.113Z","logger":"controller_redisenterpriseremotecluster","msg":"Updating RERC resource","Namespace":"rec","Name":"redis-eastus"}
{"level":"info","ts":"2023-09-08T15:46:25.206Z","logger":"controller_redisenterpriseremotecluster","msg":"Updating RERC resource","Namespace":"rec","Name":"redis-canadacentral"}
{"level":"info","ts":"2023-09-08T15:47:21.994Z","logger":"controller_redisenterpriseactiveactivedatabase","msg":"Preparing to update RedisEnterpriseActiveActiveDatabase custom resource status","RecNamespace":"rec","Name":"crdb-anton","ActiveActiveDatabaseStatus":{"specStatus":"Valid","status":"active","participatingClusters":[{"name":"redis-canadacentral","id":2},{"name":"redis-eastus","id":1,"replicationStatus":"up"}],"guid":"dc32d63a-c0ba-4ac4-a5d4-3eb39c0a8695","lastTaskUid":"00000000-0000-0000-0000-000000000000","redisEnterpriseCluster":"rec-redis-canadacentral","replicationStatus":"up"}}
{"level":"error","ts":"2023-09-08T15:47:39.510Z","logger":"controller_redisenterpriseremotecluster","msg":"Could not reach cluster object from RERC","Namespace":"rec","Name":"redis-eastus","Reason":"Failed executing HTTP request (X-Request-ID: 16efa7af-32be-4efa-9b46-9425bc1cdc8f): Get \"https://api.redis-eastus.demo.umnikov.com/v1/nodes/1\": context deadline exceeded (Client.Timeout exceeded while awaiting headers)","error":"Failed executing HTTP request (X-Request-ID: 16efa7af-32be-4efa-9b46-9425bc1cdc8f): Get \"https://api.redis-eastus.demo.umnikov.com/v1/nodes/1\": context deadline exceeded (Client.Timeout exceeded while awaiting headers)","stacktrace":"github.com/RedisLabs/redis-enterprise-operator/pkg/controller/rerc.getRERCConnectivityFromRemoteCluster\n\t/go/src/github.com/RedisLabs/redis-enterprise-operator/pkg/controller/rerc/helpers.go:159\ngithub.com/RedisLabs/redis-enterprise-operator/pkg/controller/rerc.analyzeRERCConnectivity\n\t/go/src/github.com/RedisLabs/redis-enterprise-operator/pkg/controller/rerc/analyze.go:105\ngithub.com/RedisLabs/redis-enterprise-operator/pkg/controller/rerc.Analyze\n\t/go/src/github.com/RedisLabs/redis-enterprise-operator/pkg/controller/rerc/analyze.go:67\ngithub.com/RedisLabs/redis-enterprise-operator/pkg/controller/rerc.(*ReconcileRedisEnterpriseRemoteCluster).Reconcile\n\t/go/src/github.com/RedisLabs/redis-enterprise-operator/pkg/controller/rerc/redisenterpriseremotecluster_controller.go:126\nsigs.k8s.io/controller-runtime/pkg/internal/controller.(*Controller).Reconcile\n\t/go/pkg/mod/sigs.k8s.io/controller-runtime@v0.14.1/pkg/internal/controller/controller.go:122\nsigs.k8s.io/controller-runtime/pkg/internal/controller.(*Controller).reconcileHandler\n\t/go/pkg/mod/sigs.k8s.io/controller-runtime@v0.14.1/pkg/internal/controller/controller.go:323\nsigs.k8s.io/controller-runtime/pkg/internal/controller.(*Controller).processNextWorkItem\n\t/go/pkg/mod/sigs.k8s.io/controller-runtime@v0.14.1/pkg/internal/controller/controller.go:274\nsigs.k8s.io/controller-runtime/pkg/internal/controller.(*Controller).Start.func2.2\n\t/go/pkg/mod/sigs.k8s.io/controller-runtime@v0.14.1/pkg/internal/controller/controller.go:235"}
{"level":"info","ts":"2023-09-08T15:47:39.510Z","logger":"controller_redisenterpriseremotecluster","msg":"updating RERC resource status","Namespace":"rec","Name":"redis-eastus"}
{"level":"info","ts":"2023-09-08T15:47:42.999Z","logger":"controller_redisenterpriseactiveactivedatabase","msg":"The linked participating clusters (RERCs) is Invalid","RecNamespace":"rec","Name":"crdb-anton","reason":"Invalid participating cluster redis-eastus - the corresponding RERC status is Error, RERC spec status is: Valid"}
{"level":"info","ts":"2023-09-08T15:47:48.207Z","logger":"controller_redisenterpriseactiveactivedatabase","msg":"The linked participating clusters (RERCs) is Invalid","RecNamespace":"rec","Name":"crdb-anton","reason":"Invalid participating cluster redis-eastus - the corresponding RERC status is Error, RERC spec status is: Valid"}
{"level":"info","ts":"2023-09-08T15:47:53.441Z","logger":"controller_redisenterpriseactiveactivedatabase","msg":"The linked participating clusters (RERCs) is Invalid","RecNamespace":"rec","Name":"crdb-anton","reason":"Invalid participating cluster redis-eastus - the corresponding RERC status is Error, RERC spec status is: Valid"}
{"level":"info","ts":"2023-09-08T15:47:58.697Z","logger":"controller_redisenterpriseactiveactivedatabase","msg":"The linked participating clusters (RERCs) is Invalid","RecNamespace":"rec","Name":"crdb-anton","reason":"Invalid participating cluster redis-eastus - the corresponding RERC status is Error, RERC spec status is: Valid"}
{"level":"info","ts":"2023-09-08T15:48:03.927Z","logger":"controller_redisenterpriseactiveactivedatabase","msg":"The linked participating clusters (RERCs) is Invalid","RecNamespace":"rec","Name":"crdb-anton","reason":"Invalid participating cluster redis-eastus - the corresponding RERC status is Error, RERC spec status is: Valid"}
{"level":"info","ts":"2023-09-08T15:48:09.185Z","logger":"controller_redisenterpriseactiveactivedatabase","msg":"The linked participating clusters (RERCs) is Invalid","RecNamespace":"rec","Name":"crdb-anton","reason":"Invalid participating cluster redis-eastus - the corresponding RERC status is Error, RERC spec status is: Valid"}
{"level":"info","ts":"2023-09-08T15:48:14.442Z","logger":"controller_redisenterpriseactiveactivedatabase","msg":"The linked participating clusters (RERCs) is Invalid","RecNamespace":"rec","Name":"crdb-anton","reason":"Invalid participating cluster redis-eastus - the corresponding RERC status is Error, RERC spec status is: Valid"}
{"level":"info","ts":"2023-09-08T15:48:19.658Z","logger":"controller_redisenterpriseactiveactivedatabase","msg":"The linked participating clusters (RERCs) is Invalid","RecNamespace":"rec","Name":"crdb-anton","reason":"Invalid participating cluster redis-eastus - the corresponding RERC status is Error, RERC spec status is: Valid"}
{"level":"info","ts":"2023-09-08T15:48:24.915Z","logger":"controller_redisenterpriseactiveactivedatabase","msg":"The linked participating clusters (RERCs) is Invalid","RecNamespace":"rec","Name":"crdb-anton","reason":"Invalid participating cluster redis-eastus - the corresponding RERC status is Error, RERC spec status is: Valid"}
{"level":"info","ts":"2023-09-08T15:48:30.166Z","logger":"controller_redisenterpriseactiveactivedatabase","msg":"The linked participating clusters (RERCs) is Invalid","RecNamespace":"rec","Name":"crdb-anton","reason":"Invalid participating cluster redis-eastus - the corresponding RERC status is Error, RERC spec status is: Valid"}
{"level":"info","ts":"2023-09-08T15:48:35.419Z","logger":"controller_redisenterpriseactiveactivedatabase","msg":"The linked participating clusters (RERCs) is Invalid","RecNamespace":"rec","Name":"crdb-anton","reason":"Invalid participating cluster redis-eastus - the corresponding RERC status is Error, RERC spec status is: Valid"}
{"level":"error","ts":"2023-09-08T15:48:39.546Z","logger":"controller_redisenterpriseremotecluster","msg":"Could not reach cluster object from RERC","Namespace":"rec","Name":"redis-canadacentral","Reason":"Failed executing HTTP request (X-Request-ID: f02aba80-a2d3-4f67-91ea-51796b705f9f): Get \"https://api.redis-canadacentral.demo.umnikov.com/v1/nodes/1\": context deadline exceeded (Client.Timeout exceeded while awaiting headers)","error":"Failed executing HTTP request (X-Request-ID: f02aba80-a2d3-4f67-91ea-51796b705f9f): Get \"https://api.redis-canadacentral.demo.umnikov.com/v1/nodes/1\": context deadline exceeded (Client.Timeout exceeded while awaiting headers)","stacktrace":"github.com/RedisLabs/redis-enterprise-operator/pkg/controller/rerc.getRERCConnectivityFromRemoteCluster\n\t/go/src/github.com/RedisLabs/redis-enterprise-operator/pkg/controller/rerc/helpers.go:159\ngithub.com/RedisLabs/redis-enterprise-operator/pkg/controller/rerc.analyzeRERCConnectivity\n\t/go/src/github.com/RedisLabs/redis-enterprise-operator/pkg/controller/rerc/analyze.go:105\ngithub.com/RedisLabs/redis-enterprise-operator/pkg/controller/rerc.Analyze\n\t/go/src/github.com/RedisLabs/redis-enterprise-operator/pkg/controller/rerc/analyze.go:67\ngithub.com/RedisLabs/redis-enterprise-operator/pkg/controller/rerc.(*ReconcileRedisEnterpriseRemoteCluster).Reconcile\n\t/go/src/github.com/RedisLabs/redis-enterprise-operator/pkg/controller/rerc/redisenterpriseremotecluster_controller.go:126\nsigs.k8s.io/controller-runtime/pkg/internal/controller.(*Controller).Reconcile\n\t/go/pkg/mod/sigs.k8s.io/controller-runtime@v0.14.1/pkg/internal/controller/controller.go:122\nsigs.k8s.io/controller-runtime/pkg/internal/controller.(*Controller).reconcileHandler\n\t/go/pkg/mod/sigs.k8s.io/controller-runtime@v0.14.1/pkg/internal/controller/controller.go:323\nsigs.k8s.io/controller-runtime/pkg/internal/controller.(*Controller).processNextWorkItem\n\t/go/pkg/mod/sigs.k8s.io/controller-runtime@v0.14.1/pkg/internal/controller/controller.go:274\nsigs.k8s.io/controller-runtime/pkg/internal/controller.(*Controller).Start.func2.2\n\t/go/pkg/mod/sigs.k8s.io/controller-runtime@v0.14.1/pkg/internal/controller/controller.go:235"}
{"level":"info","ts":"2023-09-08T15:48:39.546Z","logger":"controller_redisenterpriseremotecluster","msg":"updating RERC resource status","Namespace":"rec","Name":"redis-canadacentral"}
{"level":"info","ts":"2023-09-08T15:48:39.695Z","logger":"controller_redisenterpriseremotecluster","msg":"updating RERC resource status","Namespace":"rec","Name":"redis-eastus"}
{"level":"info","ts":"2023-09-08T15:48:39.766Z","logger":"controller_redisenterpriseremotecluster","msg":"updating RERC resource status","Namespace":"rec","Name":"redis-canadacentral"}
{"level":"info","ts":"2023-09-08T15:52:17.813Z","logger":"controller_redisenterpriseactiveactivedatabase","msg":"Preparing to init Active-Active database with global configurations.","RecNamespace":"rec","Name":"crdb-anton2","ActiveActiveDatabaseGuid":"a4dc144c-cd34-4097-97a2-b5798d8c5978"}
{"level":"info","ts":"2023-09-08T15:52:17.813Z","logger":"controller_redisenterpriseactiveactivedatabase","msg":"Preparing to create active-active database.","RecNamespace":"rec","Name":"crdb-anton2"}
{"level":"info","ts":"2023-09-08T15:52:17.814Z","logger":"controller_redisenterpriseactiveactivedatabase","msg":"Preparing to update RedisEnterpriseActiveActiveDatabase custom resource status","RecNamespace":"rec","Name":"crdb-anton2","ActiveActiveDatabaseStatus":{"specStatus":"Valid","guid":"a4dc144c-cd34-4097-97a2-b5798d8c5978","redisEnterpriseCluster":"rec-redis-canadacentral"}}
{"level":"info","ts":"2023-09-08T15:52:17.824Z","logger":"controller_redisenterpriseactiveactivedatabase","msg":"Preparing to set finalizer on the RedisEnterpriseActiveActiveDatabase custom resource.","RecNamespace":"rec","Name":"crdb-anton2"}
{"level":"info","ts":"2023-09-08T15:52:17.922Z","logger":"controller_redisenterpriseactiveactivedatabase","msg":"Active-active database task created for CRDB creation.","RecNamespace":"rec","Name":"crdb-anton2","ActiveActiveDatabaseTaskId":"7b1af59a-803e-4a06-980a-3f1110b8ba0b"}
{"level":"info","ts":"2023-09-08T15:52:17.937Z","logger":"controller_redisenterpriseactiveactivedatabase","msg":"Preparing to update RedisEnterpriseActiveActiveDatabase custom resource status","RecNamespace":"rec","Name":"crdb-anton2","ActiveActiveDatabaseStatus":{"specStatus":"Valid","status":"pending","guid":"a4dc144c-cd34-4097-97a2-b5798d8c5978","lastTaskUid":"7b1af59a-803e-4a06-980a-3f1110b8ba0b","redisEnterpriseCluster":"rec-redis-canadacentral"}}
{"level":"info","ts":"2023-09-08T15:52:27.242Z","logger":"redisenterprisecluster_client","msg":"Active-active database task status is finished.","TaskID":"7b1af59a-803e-4a06-980a-3f1110b8ba0b"}
{"level":"info","ts":"2023-09-08T15:52:27.257Z","logger":"controller_redisenterpriseactiveactivedatabase","msg":"Preparing to update RedisEnterpriseActiveActiveDatabase custom resource status","RecNamespace":"rec","Name":"crdb-anton2","ActiveActiveDatabaseStatus":{"specStatus":"Valid","status":"active","guid":"a4dc144c-cd34-4097-97a2-b5798d8c5978","lastTaskUid":"7b1af59a-803e-4a06-980a-3f1110b8ba0b","redisEnterpriseCluster":"rec-redis-canadacentral"}}
{"level":"info","ts":"2023-09-08T15:52:27.998Z","logger":"controller_redisenterpriseactiveactivedatabase","msg":"Going to sync REAADB resource.","RecNamespace":"rec","Name":"crdb-anton2","reaadbAnnotations":{"kubectl.kubernetes.io/last-applied-configuration":"{\"apiVersion\":\"app.redislabs.com/v1alpha1\",\"kind\":\"RedisEnterpriseActiveActiveDatabase\",\"metadata\":{\"annotations\":{},\"name\":\"crdb-anton2\",\"namespace\":\"rec\"},\"spec\":{\"globalConfigurations\":{\"memorySize\":\"200MB\",\"replication\":true,\"shardCount\":1},\"participatingClusters\":[{\"name\":\"redis-eastus\"},{\"name\":\"redis-canadacentral\"}]}}\n","redis.io/certs-latest":"{}","redis.io/certs-local":"{}","redis.io/last-reaadb":"{\"participatingClusters\":[{\"name\":\"redis-eastus\"},{\"name\":\"redis-canadacentral\"}],\"globalConfigurations\":{\"memorySize\":\"200MB\",\"shardCount\":1,\"replication\":true}}","redis.io/rerc-local":"3888"},"isSpecUpdated":false}
{"level":"info","ts":"2023-09-08T15:52:28.012Z","logger":"controller_redisenterpriseactiveactivedatabase","msg":"Preparing to update RedisEnterpriseActiveActiveDatabase custom resource status","RecNamespace":"rec","Name":"crdb-anton2","ActiveActiveDatabaseStatus":{"specStatus":"Valid","status":"active","participatingClusters":[{"name":"redis-eastus","id":1},{"name":"redis-canadacentral","id":2}],"guid":"a4dc144c-cd34-4097-97a2-b5798d8c5978","lastTaskUid":"7b1af59a-803e-4a06-980a-3f1110b8ba0b","redisEnterpriseCluster":"rec-redis-canadacentral"}}
{"level":"info","ts":"2023-09-08T15:53:29.304Z","logger":"controller_redisenterpriseactiveactivedatabase","msg":"Preparing to update RedisEnterpriseActiveActiveDatabase custom resource status","RecNamespace":"rec","Name":"crdb-anton2","ActiveActiveDatabaseStatus":{"specStatus":"Valid","status":"active","participatingClusters":[{"name":"redis-canadacentral","id":2},{"name":"redis-eastus","id":1,"replicationStatus":"up"}],"guid":"a4dc144c-cd34-4097-97a2-b5798d8c5978","lastTaskUid":"7b1af59a-803e-4a06-980a-3f1110b8ba0b","redisEnterpriseCluster":"rec-redis-canadacentral","replicationStatus":"up"}}
{"level":"info","ts":"2023-09-08T16:08:01.360Z","logger":"controller_redisenterpriseactiveactivedatabase","msg":"Preparing to trigger active-active database deletion.","RecNamespace":"rec","Name":"crdb-anton2"}
{"level":"info","ts":"2023-09-08T16:08:01.375Z","logger":"controller_redisenterpriseactiveactivedatabase","msg":"Active-active database task created for CRDB deletion .","RecNamespace":"rec","Name":"crdb-anton2","ActiveActiveDatabaseTaskId":"0d170757-8c3c-4c0d-8c36-cf21582b6510"}
{"level":"info","ts":"2023-09-08T16:08:01.375Z","logger":"controller_redisenterpriseactiveactivedatabase","msg":"Preparing to update RedisEnterpriseActiveActiveDatabase custom resource status","RecNamespace":"rec","Name":"crdb-anton2","ActiveActiveDatabaseStatus":{"specStatus":"Valid","status":"delete-pending","participatingClusters":[{"name":"redis-canadacentral","id":2},{"name":"redis-eastus","id":1,"replicationStatus":"up"}],"guid":"a4dc144c-cd34-4097-97a2-b5798d8c5978","lastTaskUid":"0d170757-8c3c-4c0d-8c36-cf21582b6510","redisEnterpriseCluster":"rec-redis-canadacentral","replicationStatus":"up"}}
{"level":"info","ts":"2023-09-08T16:08:09.412Z","logger":"redisenterprisecluster_client","msg":"Active-active database task status is finished.","TaskID":"0d170757-8c3c-4c0d-8c36-cf21582b6510"}
{"level":"info","ts":"2023-09-08T16:08:09.412Z","logger":"controller_redisenterpriseactiveactivedatabase","msg":"Preparing to remove finalizer from the RedisEnterpriseActiveActiveDatabase custom resource.","RecNamespace":"rec","Name":"crdb-anton2"}
