{"level":"info","ts":"2023-08-21T15:13:53.659Z","logger":"operator-root","msg":"program arguments: [operator-root operator]"}
{"level":"info","ts":"2023-08-21T15:13:53.659Z","logger":"operator-root","msg":"restart delay set to: 5 seconds."}
{"level":"info","ts":"2023-08-21T15:13:53.659Z","logger":"operator-root","msg":"starting redis operator"}
{"level":"info","ts":"2023-08-21T15:13:53.659Z","logger":"operator-root","msg":"running /usr/local/bin/redis-enterprise-operator "}
{"level":"info","ts":"2023-08-21T15:13:53.679Z","logger":"cmd","msg":"Go Version: go1.20.5"}
{"level":"info","ts":"2023-08-21T15:13:53.679Z","logger":"cmd","msg":"Go OS/Arch: linux/amd64"}
{"level":"info","ts":"2023-08-21T15:13:53.679Z","logger":"cmd","msg":"Service Rigger Version: 7.2.4-2"}
{"level":"info","ts":"2023-08-21T15:13:53.679Z","logger":"cmd","msg":"Bootstrapper Version: 7.2.4-2"}
{"level":"info","ts":"2023-08-21T15:13:53.731Z","logger":"cmd","msg":"Setting up liveness probe web server"}
{"level":"info","ts":"2023-08-21T15:13:54.759Z","logger":"controller-runtime.metrics","msg":"Metrics server is starting to listen","addr":"0.0.0.0:8383"}
{"level":"info","ts":"2023-08-21T15:13:54.759Z","logger":"cmd","msg":"Registering Components."}
{"level":"info","ts":"2023-08-21T15:13:54.760Z","logger":"RedisEnterpriseActiveActiveDatabaseMissingResourcesGeneratorJob","msg":"Active Active Database and Remote Cluster Controllers are enabled - preparing to start the active active database missing resources generation job."}
{"level":"info","ts":"2023-08-21T15:13:54.760Z","logger":"RedisEnterpriseActiveActiveDatabaseHealthReportManagerJob","msg":"Active Active Database and Remote Cluster Controllers are enabled - preparing to start the active active database health report manager job."}
{"level":"info","ts":"2023-08-21T15:13:54.760Z","logger":"controller_redisenterprisedatabase","msg":"Database Controller is enabled"}
{"level":"info","ts":"2023-08-21T15:13:54.760Z","logger":"controller_redisenterpriseremotecluster","msg":"Remote Cluster Controller is enabled"}
{"level":"info","ts":"2023-08-21T15:13:54.760Z","logger":"controller_redisenterpriseactiveactivedatabase","msg":"Active-active database Controller is enabled"}
{"level":"info","ts":"2023-08-21T15:13:54.760Z","msg":"Starting server","path":"/metrics","kind":"metrics","addr":"[::]:8383"}
{"level":"info","ts":"2023-08-21T15:13:54.861Z","msg":"Starting EventSource","controller":"redisenterpriseremotecluster-controller","source":"kind source: *v1alpha1.RedisEnterpriseRemoteCluster"}
{"level":"info","ts":"2023-08-21T15:13:54.861Z","msg":"Starting Controller","controller":"redisenterpriseremotecluster-controller"}
{"level":"info","ts":"2023-08-21T15:13:54.861Z","msg":"Starting EventSource","controller":"redisenterprisecluster-controller","source":"kind source: *v1alpha1.RedisEnterpriseCluster"}
{"level":"info","ts":"2023-08-21T15:13:54.861Z","msg":"Starting Controller","controller":"redisenterprisecluster-controller"}
{"level":"info","ts":"2023-08-21T15:13:54.861Z","msg":"Starting EventSource","controller":"redisenterprisedatabase-controller","source":"kind source: *v1alpha1.RedisEnterpriseDatabase"}
{"level":"info","ts":"2023-08-21T15:13:54.861Z","msg":"Starting Controller","controller":"redisenterprisedatabase-controller"}
{"level":"info","ts":"2023-08-21T15:13:54.861Z","msg":"Starting EventSource","controller":"redisenterpriseactiveactivedatabase-controller","source":"kind source: *v1alpha1.RedisEnterpriseActiveActiveDatabase"}
{"level":"info","ts":"2023-08-21T15:13:54.861Z","msg":"Starting Controller","controller":"redisenterpriseactiveactivedatabase-controller"}
{"level":"info","ts":"2023-08-21T15:13:54.962Z","msg":"Starting workers","controller":"redisenterpriseactiveactivedatabase-controller","worker count":1}
{"level":"info","ts":"2023-08-21T15:13:54.962Z","msg":"Starting workers","controller":"redisenterpriseremotecluster-controller","worker count":1}
{"level":"info","ts":"2023-08-21T15:13:54.962Z","msg":"Starting workers","controller":"redisenterprisedatabase-controller","worker count":1}
{"level":"info","ts":"2023-08-21T15:13:54.963Z","msg":"Starting workers","controller":"redisenterprisecluster-controller","worker count":1}
{"level":"info","ts":"2023-08-21T15:13:54.963Z","logger":"controller_redisenterprisecluster","msg":"Updating defaults","Request.Namespace":"rec","Request.Name":"rec-redis-eastus"}
{"level":"info","ts":"2023-08-21T15:13:54.963Z","logger":"controller_redisenterprisecluster","msg":"updateREClusterResource: updating defaults for rec spec"}
{"level":"info","ts":"2023-08-21T15:13:54.976Z","logger":"controller_redisenterprisecluster","msg":"updateREClusterResource: updating defaults for rec status"}
{"level":"info","ts":"2023-08-21T15:13:55.086Z","logger":"controller_redisenterprisecluster","msg":"updateREClusterResource: Status.SpecStatus changed from  to Valid"}
{"level":"info","ts":"2023-08-21T15:13:55.097Z","logger":"controller_redisenterprisecluster","msg":"SpecStatus: Valid Spec validation just passed"}
{"level":"info","ts":"2023-08-21T15:13:55.198Z","logger":"controller_redisenterprisecluster","msg":"updateREClusterResource: Update PVC extra labels annotation"}
{"level":"info","ts":"2023-08-21T15:13:55.209Z","logger":"controller_redisenterprisecluster","msg":"Cluster state: PendingCreation. Requested deployment for cluster, CR: {\"kind\":\"RedisEnterpriseCluster\",\"apiVersion\":\"app.redislabs.com/v1alpha1\",\"metadata\":{\"name\":\"rec-redis-eastus\",\"namespace\":\"rec\",\"uid\":\"f6f6b81d-a93f-45c7-bc2c-e0e7c5702e61\",\"resourceVersion\":\"7840\",\"generation\":2,\"creationTimestamp\":\"2023-08-21T15:13:47Z\",\"annotations\":{\"kubectl.kubernetes.io/last-applied-configuration\":\"{\\\"apiVersion\\\":\\\"app.redislabs.com/v1\\\",\\\"kind\\\":\\\"RedisEnterpriseCluster\\\",\\\"metadata\\\":{\\\"annotations\\\":{},\\\"name\\\":\\\"rec-redis-eastus\\\",\\\"namespace\\\":\\\"rec\\\"},\\\"spec\\\":{\\\"nodes\\\":3,\\\"redisEnterpriseNodeResources\\\":{\\\"limits\\\":{\\\"cpu\\\":\\\"1000m\\\",\\\"memory\\\":\\\"4Gi\\\"},\\\"requests\\\":{\\\"cpu\\\":\\\"1000m\\\",\\\"memory\\\":\\\"4Gi\\\"}}}}\\n\",\"operator_version\":\"7.2.4-2\",\"redis.io/pvc_extra_labels\":\"null\"},\"managedFields\":[{\"manager\":\"kubectl-client-side-apply\",\"operation\":\"Update\",\"apiVersion\":\"app.redislabs.com/v1\",\"time\":\"2023-08-21T15:13:47Z\",\"fieldsType\":\"FieldsV1\",\"fieldsV1\":{\"f:metadata\":{\"f:annotations\":{\".\":{},\"f:kubectl.kubernetes.io/last-applied-configuration\":{}}},\"f:spec\":{\".\":{},\"f:nodes\":{},\"f:redisEnterpriseNodeResources\":{\".\":{},\"f:limits\":{\".\":{},\"f:memory\":{}},\"f:requests\":{\".\":{},\"f:memory\":{}}}}}},{\"manager\":\"redis-enterprise-operator\",\"operation\":\"Update\",\"apiVersion\":\"app.redislabs.com/v1alpha1\",\"time\":\"2023-08-21T15:13:55Z\",\"fieldsType\":\"FieldsV1\",\"fieldsV1\":{\"f:metadata\":{\"f:annotations\":{\"f:operator_version\":{},\"f:redis.io/pvc_extra_labels\":{}}},\"f:spec\":{\"f:clusterCredentialSecretName\":{},\"f:clusterCredentialSecretRole\":{},\"f:clusterCredentialSecretType\":{},\"f:createServiceAccount\":{},\"f:persistentSpec\":{\".\":{},\"f:enabled\":{},\"f:storageClassName\":{},\"f:volumeSize\":{}},\"f:podStartingPolicy\":{\".\":{},\"f:enabled\":{},\"f:startingThresholdSeconds\":{}},\"f:redisEnterpriseImageSpec\":{\".\":{},\"f:imagePullPolicy\":{},\"f:repository\":{},\"f:versionTag\":{}},\"f:redisEnterpriseNodeResources\":{\"f:limits\":{\"f:cpu\":{}},\"f:requests\":{\"f:cpu\":{}}},\"f:serviceAccountName\":{},\"f:services\":{\".\":{},\"f:apiService\":{\".\":{},\"f:type\":{}}},\"f:servicesRiggerSpec\":{\".\":{},\"f:databaseServiceType\":{},\"f:serviceNaming\":{}},\"f:uiServiceType\":{},\"f:username\":{}}}},{\"manager\":\"redis-enterprise-operator\",\"operation\":\"Update\",\"apiVersion\":\"app.redislabs.com/v1alpha1\",\"time\":\"2023-08-21T15:13:55Z\",\"fieldsType\":\"FieldsV1\",\"fieldsV1\":{\"f:status\":{\".\":{},\"f:specStatus\":{},\"f:state\":{}}},\"subresource\":\"status\"}]},\"spec\":{\"nodes\":3,\"serviceAccountName\":\"rec-redis-eastus\",\"createServiceAccount\":true,\"uiServiceType\":\"ClusterIP\",\"servicesRiggerSpec\":{\"databaseServiceType\":\"cluster_ip,headless\",\"serviceNaming\":\"bdb_name\"},\"username\":\"demo@redis.com\",\"redisEnterpriseImageSpec\":{\"repository\":\"redislabs/redis\",\"versionTag\":\"7.2.4-52\",\"imagePullPolicy\":\"IfNotPresent\"},\"redisEnterpriseNodeResources\":{\"limits\":{\"cpu\":\"1\",\"memory\":\"4Gi\"},\"requests\":{\"cpu\":\"1\",\"memory\":\"4Gi\"}},\"persistentSpec\":{\"enabled\":true,\"storageClassName\":\"\",\"volumeSize\":\"20Gi\"},\"clusterCredentialSecretName\":\"rec-redis-eastus\",\"clusterCredentialSecretType\":\"kubernetes\",\"clusterCredentialSecretRole\":\"\",\"podStartingPolicy\":{\"enabled\":false,\"startingThresholdSeconds\":540},\"services\":{\"apiService\":{\"type\":\"ClusterIP\"}}},\"status\":{\"state\":\"PendingCreation\",\"specStatus\":\"Valid\"}}","Request.Namespace":"rec","Request.Name":"rec-redis-eastus"}
{"level":"info","ts":"2023-08-21T15:13:55.311Z","logger":"controller_redisenterprisecluster","msg":"Image information","Request.Namespace":"rec","Request.Name":"rec-redis-eastus","Services Rigger":"redislabs/k8s-controller:7.2.4-2"}
{"level":"info","ts":"2023-08-21T15:13:55.311Z","logger":"controller_redisenterprisecluster","msg":"Image information","Request.Namespace":"rec","Request.Name":"rec-redis-eastus","Bootstrapper":"redislabs/operator:7.2.4-2"}
{"level":"info","ts":"2023-08-21T15:13:55.311Z","logger":"controller_redisenterprisecluster","msg":"Image information","Request.Namespace":"rec","Request.Name":"rec-redis-eastus","Operator":"redislabs/operator:7.2.4-2"}
{"level":"info","ts":"2023-08-21T15:13:55.311Z","logger":"controller_redisenterprisecluster","msg":"Image information","Request.Namespace":"rec","Request.Name":"rec-redis-eastus","Redis Enterprise":"redislabs/redis:7.2.4-52"}
{"level":"info","ts":"2023-08-21T15:13:55.311Z","logger":"controller_redisenterprisecluster","msg":"Persistent configuration: StorageClassName: not set. VolumeSize: 20Gi","Request.Namespace":"rec","Request.Name":"rec-redis-eastus"}
{"level":"info","ts":"2023-08-21T15:13:55.619Z","logger":"controller_redisenterprisecluster","msg":"updateREClusterResource: State changed from PendingCreation to BootstrappingFirstPod."}
{"level":"info","ts":"2023-08-21T15:13:55.730Z","logger":"controller_redisenterprisecluster","msg":"updating bulletinBoard to map[BulletinBoard:bootstrapaction: create_cluster\npodid: 0\nnodezones: {}\n]"}
{"level":"info","ts":"2023-08-21T15:13:55.838Z","logger":"controller_redisenterprisecluster","msg":"updating REC managed API status","Request.Namespace":"rec","Request.Name":"rec-redis-eastus","managedAPIs":{"ldap":true}}
{"level":"info","ts":"2023-08-21T15:13:55.851Z","logger":"controller_redisenterprisecluster","msg":"setting REC finalizers","Request.Namespace":"rec","Request.Name":"rec-redis-eastus","finalizers":["redbfinalizer.redisenterpriseclusters.app.redislabs.com","stsfinalizer.redisenterprisecluster.app.redislabs.com","recpodfinalizer.redisenterprisecluster.app.redislabs.com","reaadbfinalizer.redisenterprisecluster.app.redislabs.com"]}
{"level":"info","ts":"2023-08-21T15:13:55.871Z","logger":"controller_redisenterprisecluster","msg":"Could not update Redis Enterprise Cluster: Operation cannot be fulfilled on redisenterpriseclusters.app.redislabs.com \"rec-redis-eastus\": the object has been modified; please apply your changes to the latest version and try again (&{{RedisEnterpriseCluster app.redislabs.com/v1alpha1} {rec-redis-eastus  rec  f6f6b81d-a93f-45c7-bc2c-e0e7c5702e61 7896 2 2023-08-21 15:13:47 +0000 UTC <nil> <nil> map[] map[kubectl.kubernetes.io/last-applied-configuration:{\"apiVersion\":\"app.redislabs.com/v1\",\"kind\":\"RedisEnterpriseCluster\",\"metadata\":{\"annotations\":{},\"name\":\"rec-redis-eastus\",\"namespace\":\"rec\"},\"spec\":{\"nodes\":3,\"redisEnterpriseNodeResources\":{\"limits\":{\"cpu\":\"1000m\",\"memory\":\"4Gi\"},\"requests\":{\"cpu\":\"1000m\",\"memory\":\"4Gi\"}}}}\n operator_version:7.2.4-2 redis.io/pvc_extra_labels:null] [] [] [{kubectl-client-side-apply Update app.redislabs.com/v1 2023-08-21 15:13:47 +0000 UTC FieldsV1 {\"f:metadata\":{\"f:annotations\":{\".\":{},\"f:kubectl.kubernetes.io/last-applied-configuration\":{}}},\"f:spec\":{\".\":{},\"f:nodes\":{},\"f:redisEnterpriseNodeResources\":{\".\":{},\"f:limits\":{\".\":{},\"f:memory\":{}},\"f:requests\":{\".\":{},\"f:memory\":{}}}}} } {redis-enterprise-operator Update app.redislabs.com/v1alpha1 2023-08-21 15:13:55 +0000 UTC FieldsV1 {\"f:metadata\":{\"f:annotations\":{\"f:operator_version\":{},\"f:redis.io/pvc_extra_labels\":{}}},\"f:spec\":{\"f:clusterCredentialSecretName\":{},\"f:clusterCredentialSecretRole\":{},\"f:clusterCredentialSecretType\":{},\"f:createServiceAccount\":{},\"f:persistentSpec\":{\".\":{},\"f:enabled\":{},\"f:storageClassName\":{},\"f:volumeSize\":{}},\"f:podStartingPolicy\":{\".\":{},\"f:enabled\":{},\"f:startingThresholdSeconds\":{}},\"f:redisEnterpriseImageSpec\":{\".\":{},\"f:imagePullPolicy\":{},\"f:repository\":{},\"f:versionTag\":{}},\"f:redisEnterpriseNodeResources\":{\"f:limits\":{\"f:cpu\":{}},\"f:requests\":{\"f:cpu\":{}}},\"f:serviceAccountName\":{},\"f:services\":{\".\":{},\"f:apiService\":{\".\":{},\"f:type\":{}}},\"f:servicesRiggerSpec\":{\".\":{},\"f:databaseServiceType\":{},\"f:serviceNaming\":{}},\"f:uiServiceType\":{},\"f:username\":{}}} } {redis-enterprise-operator Update app.redislabs.com/v1alpha1 2023-08-21 15:13:55 +0000 UTC FieldsV1 {\"f:status\":{\".\":{},\"f:managedAPIs\":{\".\":{},\"f:ldap\":{}},\"f:specStatus\":{},\"f:state\":{}}} status}]} {3 rec-redis-eastus 0xc000795d4e 0xc0009fd6e0 map[] 0xc0002f34a0 nil   demo@redis.com <nil> 0xc0007ad8c0 <nil> <nil> &ResourceRequirements{Limits:ResourceList{cpu: {{1 0} {<nil>} 1 DecimalSI},memory: {{4294967296 0} {<nil>} 4Gi BinarySI},},Requests:ResourceList{cpu: {{1 0} {<nil>} 1 DecimalSI},memory: {{4294967296 0} {<nil>} 4Gi BinarySI},},Claims:[]ResourceClaim{},} nil nil [] {0xc000795d4f  {{21474836480 0} {<nil>} 20Gi BinarySI}} [] map[] nil [] <nil> <nil>  <nil> <nil>   [] [] [] map[] map[] [] <nil> rec-redis-eastus kubernetes   <nil> <nil>  <nil> 0xc0009fd6f0 <nil> <nil> <nil> <nil> <nil> <nil> 0xc0009fd700 <nil> []} {BootstrappingFirstPod Valid [] <nil> [] <nil> 0xc000518268 }})"}
{"level":"error","ts":"2023-08-21T15:13:55.871Z","msg":"Reconciler error","controller":"redisenterprisecluster-controller","object":{"name":"rec-redis-eastus","namespace":"rec"},"namespace":"rec","name":"rec-redis-eastus","reconcileID":"abb55d9e-a6c6-4dc9-a0b6-256f0146ea5f","error":"Operation cannot be fulfilled on redisenterpriseclusters.app.redislabs.com \"rec-redis-eastus\": the object has been modified; please apply your changes to the latest version and try again","stacktrace":"sigs.k8s.io/controller-runtime/pkg/internal/controller.(*Controller).reconcileHandler\n\t/go/pkg/mod/sigs.k8s.io/controller-runtime@v0.14.1/pkg/internal/controller/controller.go:329\nsigs.k8s.io/controller-runtime/pkg/internal/controller.(*Controller).processNextWorkItem\n\t/go/pkg/mod/sigs.k8s.io/controller-runtime@v0.14.1/pkg/internal/controller/controller.go:274\nsigs.k8s.io/controller-runtime/pkg/internal/controller.(*Controller).Start.func2.2\n\t/go/pkg/mod/sigs.k8s.io/controller-runtime@v0.14.1/pkg/internal/controller/controller.go:235"}
{"level":"info","ts":"2023-08-21T15:13:55.951Z","logger":"controller_redisenterprisecluster","msg":"Waiting for first pod to bootstrap"}
{"level":"info","ts":"2023-08-21T15:13:57.062Z","logger":"controller_redisenterprisecluster","msg":"Waiting for first pod to bootstrap"}
{"level":"info","ts":"2023-08-21T15:13:57.156Z","logger":"controller_redisenterprisecluster","msg":"Waiting for first pod to bootstrap"}
{"level":"info","ts":"2023-08-21T15:13:57.258Z","logger":"controller_redisenterprisecluster","msg":"Waiting for first pod to bootstrap"}
{"level":"info","ts":"2023-08-21T15:13:57.347Z","logger":"controller_redisenterprisecluster","msg":"Waiting for first pod to bootstrap"}
{"level":"info","ts":"2023-08-21T15:13:57.507Z","logger":"controller_redisenterprisecluster","msg":"Waiting for first pod to bootstrap"}
{"level":"info","ts":"2023-08-21T15:13:58.231Z","logger":"controller_redisenterprisecluster","msg":"Waiting for first pod to bootstrap"}
{"level":"info","ts":"2023-08-21T15:13:58.761Z","logger":"RedisEnterpriseActiveActiveDatabaseHealthReportManagerJob","msg":"Couldn't find env var HEALTH_REPORT_MANAGER_DELAY_PERIOD_SECONDS, using default delay period for health report manager job (2m0s)"}
{"level":"info","ts":"2023-08-21T15:13:59.603Z","logger":"controller_redisenterprisecluster","msg":"Waiting for first pod to bootstrap"}
{"level":"info","ts":"2023-08-21T15:14:02.248Z","logger":"controller_redisenterprisecluster","msg":"Waiting for first pod to bootstrap"}
{"level":"info","ts":"2023-08-21T15:14:02.864Z","logger":"controller_redisenterprisecluster","msg":"Waiting for first pod to bootstrap"}
{"level":"info","ts":"2023-08-21T15:14:05.503Z","logger":"controller_redisenterprisecluster","msg":"Waiting for first pod to bootstrap"}
{"level":"info","ts":"2023-08-21T15:14:07.471Z","logger":"controller_redisenterprisecluster","msg":"Waiting for first pod to bootstrap"}
{"level":"info","ts":"2023-08-21T15:14:10.781Z","logger":"controller_redisenterprisecluster","msg":"Waiting for first pod to bootstrap"}
{"level":"info","ts":"2023-08-21T15:14:26.214Z","logger":"controller_redisenterprisecluster","msg":"Waiting for first pod to bootstrap"}
{"level":"info","ts":"2023-08-21T15:14:27.344Z","logger":"controller_redisenterprisecluster","msg":"Waiting for first pod to bootstrap"}
{"level":"info","ts":"2023-08-21T15:14:31.872Z","logger":"controller_redisenterprisecluster","msg":"Waiting for first pod to bootstrap"}
{"level":"info","ts":"2023-08-21T15:14:37.144Z","logger":"controller_redisenterprisecluster","msg":"Waiting for first pod to bootstrap"}
{"level":"info","ts":"2023-08-21T15:14:42.424Z","logger":"controller_redisenterprisecluster","msg":"Waiting for first pod to bootstrap"}
{"level":"info","ts":"2023-08-21T15:15:14.088Z","logger":"controller_redisenterprisecluster","msg":"Waiting for first pod to bootstrap"}
{"level":"info","ts":"2023-08-21T15:15:19.332Z","logger":"controller_redisenterprisecluster","msg":"Waiting for first pod to bootstrap"}
{"level":"info","ts":"2023-08-21T15:15:24.682Z","logger":"controller_redisenterprisecluster","msg":"First pod bootstrapped successfully"}
{"level":"info","ts":"2023-08-21T15:15:24.853Z","logger":"controller_redisenterprisecluster","msg":"updateREClusterResource: State changed from BootstrappingFirstPod to Initializing."}
{"level":"info","ts":"2023-08-21T15:15:24.866Z","logger":"controller_redisenterprisecluster","msg":"updating bulletinBoard to map[BulletinBoard:bootstrapaction: join_cluster\npodid: null\nnodezones: {}\n]"}
{"level":"info","ts":"2023-08-21T15:15:25.096Z","logger":"controller_redisenterprisecluster","msg":"setting slaveHA grace period","Request.Namespace":"rec","Request.Name":"rec-redis-eastus","seconds":1800}
{"level":"info","ts":"2023-08-21T15:15:25.096Z","logger":"controller_redisenterprisecluster","msg":"updating REC module list","Request.Namespace":"rec","Request.Name":"rec-redis-eastus","module list":[{"name":"ReJSON","displayName":"RedisJSON","versions":["2.6.6"]},{"name":"bf","displayName":"RedisBloom","versions":["2.6.3"]},{"name":"graph","displayName":"RedisGraph","versions":["2.10.12"]},{"name":"redisgears_2","displayName":"RedisGears","versions":["2.0.11"]},{"name":"search","displayName":"RediSearch 2","versions":["2.8.4"]},{"name":"timeseries","displayName":"RedisTimeSeries","versions":["1.10.4"]}]}
{"level":"info","ts":"2023-08-21T15:15:25.096Z","logger":"controller_redisenterprisecluster","msg":"updateREClusterResource: updating module list"}
{"level":"info","ts":"2023-08-21T15:15:25.112Z","logger":"controller_redisenterprisecluster","msg":"updating REC license status","Request.Namespace":"rec","Request.Name":"rec-redis-eastus","license status":{"licenseState":"Valid","activationDate":"2023-08-21T15:15:03Z","expirationDate":"2023-09-20T15:15:03Z","shardsLimit":4}}
{"level":"info","ts":"2023-08-21T15:15:25.112Z","logger":"controller_redisenterprisecluster","msg":"updateREClusterResource: updating license status"}
{"level":"info","ts":"2023-08-21T15:15:25.125Z","logger":"controller_redisenterprisecluster","msg":"updating REC database bundled versions list","Request.Namespace":"rec","Request.Name":"rec-redis-eastus","db versions status":[{"dbType":"redis","version":"7.2.0","major":true},{"dbType":"redis","version":"6.2.13","major":true},{"dbType":"redis","version":"6.0.20","major":true},{"dbType":"memcached","version":"1.4.17"}]}
{"level":"info","ts":"2023-08-21T15:15:25.125Z","logger":"controller_redisenterprisecluster","msg":"updateREClusterResource: updating database bundled versions list"}
{"level":"info","ts":"2023-08-21T15:15:25.161Z","logger":"controller_redisenterprisecluster","msg":"Updating REC ingressOrRouteMethod status","Request.Namespace":"rec","Request.Name":"rec-redis-eastus","IngressOrRouteMethodStatus":"ingress"}
{"level":"info","ts":"2023-08-21T15:15:25.161Z","logger":"controller_redisenterprisecluster","msg":"updateREClusterResource: Updating REC IngressOrRouteMethodStatus status"}
{"level":"info","ts":"2023-08-21T15:15:25.177Z","logger":"controller_redisenterprisecluster","msg":"Updated cluster IngressOrRouteMethodStatus status","Request.Namespace":"rec","Request.Name":"rec-redis-eastus","IngressOrRouteMethodStatus":"ingress"}
{"level":"info","ts":"2023-08-21T15:15:25.191Z","logger":"controller_redisenterprisecluster","msg":"Could not update Redis Enterprise Cluster: Operation cannot be fulfilled on redisenterpriseclusters.app.redislabs.com \"rec-redis-eastus\": the object has been modified; please apply your changes to the latest version and try again (&{{RedisEnterpriseCluster app.redislabs.com/v1alpha1} {rec-redis-eastus  rec  f6f6b81d-a93f-45c7-bc2c-e0e7c5702e61 8386 3 2023-08-21 15:13:47 +0000 UTC <nil> <nil> map[] map[kubectl.kubernetes.io/last-applied-configuration:{\"apiVersion\":\"app.redislabs.com/v1\",\"kind\":\"RedisEnterpriseCluster\",\"metadata\":{\"annotations\":{},\"name\":\"rec-redis-eastus\",\"namespace\":\"rec\"},\"spec\":{\"nodes\":3,\"redisEnterpriseNodeResources\":{\"limits\":{\"cpu\":\"1000m\",\"memory\":\"4Gi\"},\"requests\":{\"cpu\":\"1000m\",\"memory\":\"4Gi\"}}}}\n operator_version:7.2.4-2 redis.io/pvc_extra_labels:null] [] [redbfinalizer.redisenterpriseclusters.app.redislabs.com stsfinalizer.redisenterprisecluster.app.redislabs.com recpodfinalizer.redisenterprisecluster.app.redislabs.com reaadbfinalizer.redisenterprisecluster.app.redislabs.com] [{kubectl-client-side-apply Update app.redislabs.com/v1 2023-08-21 15:13:47 +0000 UTC FieldsV1 {\"f:metadata\":{\"f:annotations\":{\".\":{},\"f:kubectl.kubernetes.io/last-applied-configuration\":{}}},\"f:spec\":{\".\":{},\"f:nodes\":{},\"f:redisEnterpriseNodeResources\":{\".\":{},\"f:limits\":{\".\":{},\"f:memory\":{}},\"f:requests\":{\".\":{},\"f:memory\":{}}}}} } {redis-enterprise-operator Update app.redislabs.com/v1alpha1 2023-08-21 15:13:55 +0000 UTC FieldsV1 {\"f:metadata\":{\"f:annotations\":{\"f:operator_version\":{},\"f:redis.io/pvc_extra_labels\":{}},\"f:finalizers\":{\".\":{},\"v:\\\"reaadbfinalizer.redisenterprisecluster.app.redislabs.com\\\"\":{},\"v:\\\"recpodfinalizer.redisenterprisecluster.app.redislabs.com\\\"\":{},\"v:\\\"redbfinalizer.redisenterpriseclusters.app.redislabs.com\\\"\":{},\"v:\\\"stsfinalizer.redisenterprisecluster.app.redislabs.com\\\"\":{}}},\"f:spec\":{\"f:clusterCredentialSecretName\":{},\"f:clusterCredentialSecretRole\":{},\"f:clusterCredentialSecretType\":{},\"f:createServiceAccount\":{},\"f:persistentSpec\":{\".\":{},\"f:enabled\":{},\"f:storageClassName\":{},\"f:volumeSize\":{}},\"f:podStartingPolicy\":{\".\":{},\"f:enabled\":{},\"f:startingThresholdSeconds\":{}},\"f:redisEnterpriseImageSpec\":{\".\":{},\"f:imagePullPolicy\":{},\"f:repository\":{},\"f:versionTag\":{}},\"f:redisEnterpriseNodeResources\":{\"f:limits\":{\"f:cpu\":{}},\"f:requests\":{\"f:cpu\":{}}},\"f:serviceAccountName\":{},\"f:services\":{\".\":{},\"f:apiService\":{\".\":{},\"f:type\":{}}},\"f:servicesRiggerSpec\":{\".\":{},\"f:databaseServiceType\":{},\"f:serviceNaming\":{}},\"f:uiServiceType\":{},\"f:username\":{}}} } {kubectl-patch Update app.redislabs.com/v1 2023-08-21 15:14:02 +0000 UTC FieldsV1 {\"f:spec\":{\"f:ingressOrRouteSpec\":{\".\":{},\"f:apiFqdnUrl\":{},\"f:dbFqdnSuffix\":{},\"f:ingressAnnotations\":{\".\":{},\"f:haproxy-ingress.github.io/ssl-passthrough\":{},\"f:kubernetes.io/ingress.class\":{}},\"f:method\":{}}}} } {redis-enterprise-operator Update app.redislabs.com/v1alpha1 2023-08-21 15:15:25 +0000 UTC FieldsV1 {\"f:status\":{\".\":{},\"f:bundledDatabaseVersions\":{},\"f:licenseStatus\":{\".\":{},\"f:activationDate\":{},\"f:expirationDate\":{},\"f:licenseState\":{},\"f:shardsLimit\":{}},\"f:managedAPIs\":{\".\":{},\"f:ldap\":{}},\"f:modules\":{},\"f:specStatus\":{},\"f:state\":{}}} status}]} {3 rec-redis-eastus 0xc001019455 0xc0005e4dd0 map[] 0xc000619cc0 nil   demo@redis.com <nil> 0xc0002f8a40 <nil> <nil> &ResourceRequirements{Limits:ResourceList{cpu: {{1 0} {<nil>} 1 DecimalSI},memory: {{4294967296 0} {<nil>} 4Gi BinarySI},},Requests:ResourceList{cpu: {{1 0} {<nil>} 1 DecimalSI},memory: {{4294967296 0} {<nil>} 4Gi BinarySI},},Claims:[]ResourceClaim{},} nil nil [] {0xc001019456  {{21474836480 0} {<nil>} 20Gi BinarySI}} [] map[] nil [] <nil> <nil>  <nil> <nil>   [] [] [] map[] map[] [] <nil> rec-redis-eastus kubernetes   <nil> <nil>  <nil> 0xc0005e4de0 <nil> <nil> <nil> <nil> <nil> 0xc0002f8a80 0xc0005e4df0 <nil> []} {Initializing Valid [{ReJSON RedisJSON [2.6.6]} {bf RedisBloom [2.6.3]} {graph RedisGraph [2.10.12]} {redisgears_2 RedisGears [2.0.11]} {search RediSearch 2 [2.8.4]} {timeseries RedisTimeSeries [1.10.4]}] 0xc0002f8b00 [0xc000bdc180 0xc000bdc1b0 0xc000bdc1e0 0xc000bdc210] <nil> 0xc000518350 }})"}
{"level":"error","ts":"2023-08-21T15:15:25.191Z","msg":"Reconciler error","controller":"redisenterprisecluster-controller","object":{"name":"rec-redis-eastus","namespace":"rec"},"namespace":"rec","name":"rec-redis-eastus","reconcileID":"2822491a-153d-4630-a541-2fc4b2833653","error":"Operation cannot be fulfilled on redisenterpriseclusters.app.redislabs.com \"rec-redis-eastus\": the object has been modified; please apply your changes to the latest version and try again","stacktrace":"sigs.k8s.io/controller-runtime/pkg/internal/controller.(*Controller).reconcileHandler\n\t/go/pkg/mod/sigs.k8s.io/controller-runtime@v0.14.1/pkg/internal/controller/controller.go:329\nsigs.k8s.io/controller-runtime/pkg/internal/controller.(*Controller).processNextWorkItem\n\t/go/pkg/mod/sigs.k8s.io/controller-runtime@v0.14.1/pkg/internal/controller/controller.go:274\nsigs.k8s.io/controller-runtime/pkg/internal/controller.(*Controller).Start.func2.2\n\t/go/pkg/mod/sigs.k8s.io/controller-runtime@v0.14.1/pkg/internal/controller/controller.go:235"}
{"level":"info","ts":"2023-08-21T15:15:25.352Z","logger":"controller_redisenterprisecluster","msg":"Waiting for RedisEnterpriseCluster StatefulSet's pods to be ready: 1/3"}
{"level":"info","ts":"2023-08-21T15:15:29.940Z","logger":"controller_redisenterprisecluster","msg":"Waiting for RedisEnterpriseCluster StatefulSet's pods to be ready: 1/3"}
{"level":"info","ts":"2023-08-21T15:15:35.216Z","logger":"controller_redisenterprisecluster","msg":"Waiting for RedisEnterpriseCluster StatefulSet's pods to be ready: 1/3"}
{"level":"info","ts":"2023-08-21T15:15:40.589Z","logger":"controller_redisenterprisecluster","msg":"Waiting for RedisEnterpriseCluster StatefulSet's pods to be ready: 1/3"}
{"level":"info","ts":"2023-08-21T15:15:45.781Z","logger":"controller_redisenterprisecluster","msg":"Waiting for RedisEnterpriseCluster StatefulSet's pods to be ready: 1/3"}
{"level":"info","ts":"2023-08-21T15:15:51.125Z","logger":"controller_redisenterprisecluster","msg":"Waiting for RedisEnterpriseCluster StatefulSet's pods to be ready: 1/3"}
{"level":"info","ts":"2023-08-21T15:15:56.347Z","logger":"controller_redisenterprisecluster","msg":"Waiting for RedisEnterpriseCluster StatefulSet's pods to be ready: 1/3"}
{"level":"info","ts":"2023-08-21T15:16:01.624Z","logger":"controller_redisenterprisecluster","msg":"Waiting for RedisEnterpriseCluster StatefulSet's pods to be ready: 1/3"}
{"level":"info","ts":"2023-08-21T15:16:06.864Z","logger":"controller_redisenterprisecluster","msg":"Waiting for RedisEnterpriseCluster StatefulSet's pods to be ready: 1/3"}
{"level":"info","ts":"2023-08-21T15:16:12.137Z","logger":"controller_redisenterprisecluster","msg":"Waiting for RedisEnterpriseCluster StatefulSet's pods to be ready: 1/3"}
{"level":"info","ts":"2023-08-21T15:16:17.436Z","logger":"controller_redisenterprisecluster","msg":"Waiting for RedisEnterpriseCluster StatefulSet's pods to be ready: 1/3"}
{"level":"info","ts":"2023-08-21T15:16:22.690Z","logger":"controller_redisenterprisecluster","msg":"Waiting for RedisEnterpriseCluster StatefulSet's pods to be ready: 1/3"}
{"level":"info","ts":"2023-08-21T15:16:27.971Z","logger":"controller_redisenterprisecluster","msg":"Waiting for RedisEnterpriseCluster StatefulSet's pods to be ready: 1/3"}
{"level":"info","ts":"2023-08-21T15:16:33.336Z","logger":"controller_redisenterprisecluster","msg":"Waiting for RedisEnterpriseCluster StatefulSet's pods to be ready: 1/3"}
{"level":"info","ts":"2023-08-21T15:16:38.523Z","logger":"controller_redisenterprisecluster","msg":"Waiting for RedisEnterpriseCluster StatefulSet's pods to be ready: 1/3"}
{"level":"info","ts":"2023-08-21T15:16:38.789Z","logger":"controller_redisenterprisecluster","msg":"updating REC database bundled versions list","Request.Namespace":"rec","Request.Name":"rec-redis-eastus","db versions status":null}
{"level":"info","ts":"2023-08-21T15:16:38.789Z","logger":"controller_redisenterprisecluster","msg":"updateREClusterResource: updating database bundled versions list"}
{"level":"info","ts":"2023-08-21T15:16:38.963Z","logger":"controller_redisenterprisecluster","msg":"Waiting for RedisEnterpriseCluster StatefulSet's pods to be ready: 1/3"}
{"level":"info","ts":"2023-08-21T15:16:43.795Z","logger":"controller_redisenterprisecluster","msg":"Waiting for RedisEnterpriseCluster StatefulSet's pods to be ready: 1/3"}
{"level":"info","ts":"2023-08-21T15:16:49.051Z","logger":"controller_redisenterprisecluster","msg":"Waiting for RedisEnterpriseCluster StatefulSet's pods to be ready: 1/3"}
{"level":"info","ts":"2023-08-21T15:16:54.338Z","logger":"controller_redisenterprisecluster","msg":"Waiting for RedisEnterpriseCluster StatefulSet's pods to be ready: 1/3"}
{"level":"info","ts":"2023-08-21T15:16:59.647Z","logger":"controller_redisenterprisecluster","msg":"Waiting for RedisEnterpriseCluster StatefulSet's pods to be ready: 1/3"}
{"level":"info","ts":"2023-08-21T15:16:59.825Z","logger":"controller_redisenterprisecluster","msg":"updating REC database bundled versions list","Request.Namespace":"rec","Request.Name":"rec-redis-eastus","db versions status":[{"dbType":"redis","version":"7.2.0","major":true},{"dbType":"redis","version":"6.2.13","major":true},{"dbType":"redis","version":"6.0.20","major":true},{"dbType":"memcached","version":"1.4.17"}]}
{"level":"info","ts":"2023-08-21T15:16:59.825Z","logger":"controller_redisenterprisecluster","msg":"updateREClusterResource: updating database bundled versions list"}
{"level":"info","ts":"2023-08-21T15:17:00.010Z","logger":"controller_redisenterprisecluster","msg":"Waiting for RedisEnterpriseCluster StatefulSet's pods to be ready: 1/3"}
{"level":"info","ts":"2023-08-21T15:17:04.887Z","logger":"controller_redisenterprisecluster","msg":"Waiting for RedisEnterpriseCluster StatefulSet's pods to be ready: 2/3"}
{"level":"info","ts":"2023-08-21T15:17:10.166Z","logger":"controller_redisenterprisecluster","msg":"Waiting for RedisEnterpriseCluster StatefulSet's pods to be ready: 2/3"}
{"level":"info","ts":"2023-08-21T15:17:15.422Z","logger":"controller_redisenterprisecluster","msg":"Waiting for RedisEnterpriseCluster StatefulSet's pods to be ready: 2/3"}
{"level":"info","ts":"2023-08-21T15:17:20.805Z","logger":"controller_redisenterprisecluster","msg":"Waiting for RedisEnterpriseCluster StatefulSet's pods to be ready: 2/3"}
{"level":"info","ts":"2023-08-21T15:17:25.994Z","logger":"controller_redisenterprisecluster","msg":"Waiting for RedisEnterpriseCluster StatefulSet's pods to be ready: 2/3"}
{"level":"info","ts":"2023-08-21T15:17:31.303Z","logger":"controller_redisenterprisecluster","msg":"Waiting for RedisEnterpriseCluster StatefulSet's pods to be ready: 2/3"}
{"level":"info","ts":"2023-08-21T15:17:36.518Z","logger":"controller_redisenterprisecluster","msg":"Waiting for RedisEnterpriseCluster StatefulSet's pods to be ready: 2/3"}
{"level":"info","ts":"2023-08-21T15:17:41.786Z","logger":"controller_redisenterprisecluster","msg":"Waiting for RedisEnterpriseCluster StatefulSet's pods to be ready: 2/3"}
{"level":"info","ts":"2023-08-21T15:17:47.092Z","logger":"controller_redisenterprisecluster","msg":"Waiting for RedisEnterpriseCluster StatefulSet's pods to be ready: 2/3"}
{"level":"info","ts":"2023-08-21T15:17:52.369Z","logger":"controller_redisenterprisecluster","msg":"Waiting for RedisEnterpriseCluster StatefulSet's pods to be ready: 2/3"}
{"level":"info","ts":"2023-08-21T15:17:57.619Z","logger":"controller_redisenterprisecluster","msg":"Waiting for RedisEnterpriseCluster StatefulSet's pods to be ready: 2/3"}
{"level":"info","ts":"2023-08-21T15:18:02.911Z","logger":"controller_redisenterprisecluster","msg":"Waiting for RedisEnterpriseCluster StatefulSet's pods to be ready: 2/3"}
{"level":"info","ts":"2023-08-21T15:18:08.173Z","logger":"controller_redisenterprisecluster","msg":"Waiting for RedisEnterpriseCluster StatefulSet's pods to be ready: 2/3"}
{"level":"info","ts":"2023-08-21T15:18:13.469Z","logger":"controller_redisenterprisecluster","msg":"Waiting for RedisEnterpriseCluster StatefulSet's pods to be ready: 2/3"}
{"level":"info","ts":"2023-08-21T15:18:13.665Z","logger":"controller_redisenterprisecluster","msg":"updating REC database bundled versions list","Request.Namespace":"rec","Request.Name":"rec-redis-eastus","db versions status":null}
{"level":"info","ts":"2023-08-21T15:18:13.665Z","logger":"controller_redisenterprisecluster","msg":"updateREClusterResource: updating database bundled versions list"}
{"level":"info","ts":"2023-08-21T15:18:13.865Z","logger":"controller_redisenterprisecluster","msg":"Waiting for RedisEnterpriseCluster StatefulSet's pods to be ready: 2/3"}
{"level":"info","ts":"2023-08-21T15:18:18.742Z","logger":"controller_redisenterprisecluster","msg":"Waiting for RedisEnterpriseCluster StatefulSet's pods to be ready: 2/3"}
{"level":"info","ts":"2023-08-21T15:18:23.982Z","logger":"controller_redisenterprisecluster","msg":"Waiting for RedisEnterpriseCluster StatefulSet's pods to be ready: 2/3"}
{"level":"info","ts":"2023-08-21T15:18:29.291Z","logger":"controller_redisenterprisecluster","msg":"Waiting for RedisEnterpriseCluster StatefulSet's pods to be ready: 2/3"}
{"level":"info","ts":"2023-08-21T15:18:34.548Z","logger":"controller_redisenterprisecluster","msg":"Waiting for RedisEnterpriseCluster StatefulSet's pods to be ready: 2/3"}
{"level":"info","ts":"2023-08-21T15:18:39.806Z","logger":"controller_redisenterprisecluster","msg":"Waiting for RedisEnterpriseCluster StatefulSet's pods to be ready: 2/3"}
{"level":"info","ts":"2023-08-21T15:18:40.014Z","logger":"controller_redisenterprisecluster","msg":"updating REC database bundled versions list","Request.Namespace":"rec","Request.Name":"rec-redis-eastus","db versions status":[{"dbType":"redis","version":"7.2.0","major":true},{"dbType":"redis","version":"6.2.13","major":true},{"dbType":"redis","version":"6.0.20","major":true},{"dbType":"memcached","version":"1.4.17"}]}
{"level":"info","ts":"2023-08-21T15:18:40.014Z","logger":"controller_redisenterprisecluster","msg":"updateREClusterResource: updating database bundled versions list"}
{"level":"info","ts":"2023-08-21T15:18:40.216Z","logger":"controller_redisenterprisecluster","msg":"Waiting for RedisEnterpriseCluster StatefulSet's pods to be ready: 2/3"}
{"level":"info","ts":"2023-08-21T15:18:45.103Z","logger":"controller_redisenterprisecluster","msg":"Waiting for RedisEnterpriseCluster StatefulSet's pods to be ready: 2/3"}
{"level":"info","ts":"2023-08-21T15:18:50.405Z","logger":"controller_redisenterprisecluster","msg":"All of RedisEnterpriseCluster StatefulSet's pods are ready: 3/3"}
{"level":"info","ts":"2023-08-21T15:18:50.506Z","logger":"controller_redisenterprisecluster","msg":"updateREClusterResource: State changed from Initializing to Running."}
{"level":"info","ts":"2023-08-21T15:42:24.492Z","logger":"controller_redisenterpriseremotecluster","msg":"Secret %s not found!","Namespace":"rec","Name":"redis-canadacentral","secretName":"redis-enterprise-redis-canadacentral"}
{"level":"error","ts":"2023-08-21T15:42:24.492Z","logger":"controller_redisenterpriseremotecluster","msg":"Failed to get active-active database health report.","Namespace":"rec","Name":"redis-canadacentral","error":"Could not find corresponding active-active database that uses the current RERC resource.","stacktrace":"github.com/RedisLabs/redis-enterprise-operator/pkg/controller/rerc.Observe\n\t/go/src/github.com/RedisLabs/redis-enterprise-operator/pkg/controller/rerc/observe.go:139\ngithub.com/RedisLabs/redis-enterprise-operator/pkg/controller/rerc.(*ReconcileRedisEnterpriseRemoteCluster).Reconcile\n\t/go/src/github.com/RedisLabs/redis-enterprise-operator/pkg/controller/rerc/redisenterpriseremotecluster_controller.go:104\nsigs.k8s.io/controller-runtime/pkg/internal/controller.(*Controller).Reconcile\n\t/go/pkg/mod/sigs.k8s.io/controller-runtime@v0.14.1/pkg/internal/controller/controller.go:122\nsigs.k8s.io/controller-runtime/pkg/internal/controller.(*Controller).reconcileHandler\n\t/go/pkg/mod/sigs.k8s.io/controller-runtime@v0.14.1/pkg/internal/controller/controller.go:323\nsigs.k8s.io/controller-runtime/pkg/internal/controller.(*Controller).processNextWorkItem\n\t/go/pkg/mod/sigs.k8s.io/controller-runtime@v0.14.1/pkg/internal/controller/controller.go:274\nsigs.k8s.io/controller-runtime/pkg/internal/controller.(*Controller).Start.func2.2\n\t/go/pkg/mod/sigs.k8s.io/controller-runtime@v0.14.1/pkg/internal/controller/controller.go:235"}
{"level":"error","ts":"2023-08-21T15:42:24.492Z","logger":"controller_redisenterpriseremotecluster","msg":"RERC Spec Invalid.","Namespace":"rec","Name":"redis-canadacentral","error":"secret is missing. Expected: redis-enterprise-redis-canadacentral","stacktrace":"github.com/RedisLabs/redis-enterprise-operator/pkg/controller/rerc.Analyze\n\t/go/src/github.com/RedisLabs/redis-enterprise-operator/pkg/controller/rerc/analyze.go:45\ngithub.com/RedisLabs/redis-enterprise-operator/pkg/controller/rerc.(*ReconcileRedisEnterpriseRemoteCluster).Reconcile\n\t/go/src/github.com/RedisLabs/redis-enterprise-operator/pkg/controller/rerc/redisenterpriseremotecluster_controller.go:126\nsigs.k8s.io/controller-runtime/pkg/internal/controller.(*Controller).Reconcile\n\t/go/pkg/mod/sigs.k8s.io/controller-runtime@v0.14.1/pkg/internal/controller/controller.go:122\nsigs.k8s.io/controller-runtime/pkg/internal/controller.(*Controller).reconcileHandler\n\t/go/pkg/mod/sigs.k8s.io/controller-runtime@v0.14.1/pkg/internal/controller/controller.go:323\nsigs.k8s.io/controller-runtime/pkg/internal/controller.(*Controller).processNextWorkItem\n\t/go/pkg/mod/sigs.k8s.io/controller-runtime@v0.14.1/pkg/internal/controller/controller.go:274\nsigs.k8s.io/controller-runtime/pkg/internal/controller.(*Controller).Start.func2.2\n\t/go/pkg/mod/sigs.k8s.io/controller-runtime@v0.14.1/pkg/internal/controller/controller.go:235"}
{"level":"info","ts":"2023-08-21T15:42:24.492Z","logger":"controller_redisenterpriseremotecluster","msg":"Updating RERC resource","Namespace":"rec","Name":"redis-canadacentral"}
{"level":"info","ts":"2023-08-21T15:42:24.518Z","logger":"controller_redisenterpriseremotecluster","msg":"updating RERC resource status","Namespace":"rec","Name":"redis-canadacentral"}
{"level":"info","ts":"2023-08-21T15:42:24.529Z","logger":"controller_redisenterpriseremotecluster","msg":"Secret %s not found!","Namespace":"rec","Name":"redis-canadacentral","secretName":"redis-enterprise-redis-canadacentral"}
{"level":"error","ts":"2023-08-21T15:42:24.529Z","logger":"controller_redisenterpriseremotecluster","msg":"Failed to get active-active database health report.","Namespace":"rec","Name":"redis-canadacentral","error":"Could not find corresponding active-active database that uses the current RERC resource.","stacktrace":"github.com/RedisLabs/redis-enterprise-operator/pkg/controller/rerc.Observe\n\t/go/src/github.com/RedisLabs/redis-enterprise-operator/pkg/controller/rerc/observe.go:139\ngithub.com/RedisLabs/redis-enterprise-operator/pkg/controller/rerc.(*ReconcileRedisEnterpriseRemoteCluster).Reconcile\n\t/go/src/github.com/RedisLabs/redis-enterprise-operator/pkg/controller/rerc/redisenterpriseremotecluster_controller.go:104\nsigs.k8s.io/controller-runtime/pkg/internal/controller.(*Controller).Reconcile\n\t/go/pkg/mod/sigs.k8s.io/controller-runtime@v0.14.1/pkg/internal/controller/controller.go:122\nsigs.k8s.io/controller-runtime/pkg/internal/controller.(*Controller).reconcileHandler\n\t/go/pkg/mod/sigs.k8s.io/controller-runtime@v0.14.1/pkg/internal/controller/controller.go:323\nsigs.k8s.io/controller-runtime/pkg/internal/controller.(*Controller).processNextWorkItem\n\t/go/pkg/mod/sigs.k8s.io/controller-runtime@v0.14.1/pkg/internal/controller/controller.go:274\nsigs.k8s.io/controller-runtime/pkg/internal/controller.(*Controller).Start.func2.2\n\t/go/pkg/mod/sigs.k8s.io/controller-runtime@v0.14.1/pkg/internal/controller/controller.go:235"}
{"level":"error","ts":"2023-08-21T15:42:24.529Z","logger":"controller_redisenterpriseremotecluster","msg":"RERC Spec Invalid.","Namespace":"rec","Name":"redis-canadacentral","error":"secret is missing. Expected: redis-enterprise-redis-canadacentral","stacktrace":"github.com/RedisLabs/redis-enterprise-operator/pkg/controller/rerc.Analyze\n\t/go/src/github.com/RedisLabs/redis-enterprise-operator/pkg/controller/rerc/analyze.go:45\ngithub.com/RedisLabs/redis-enterprise-operator/pkg/controller/rerc.(*ReconcileRedisEnterpriseRemoteCluster).Reconcile\n\t/go/src/github.com/RedisLabs/redis-enterprise-operator/pkg/controller/rerc/redisenterpriseremotecluster_controller.go:126\nsigs.k8s.io/controller-runtime/pkg/internal/controller.(*Controller).Reconcile\n\t/go/pkg/mod/sigs.k8s.io/controller-runtime@v0.14.1/pkg/internal/controller/controller.go:122\nsigs.k8s.io/controller-runtime/pkg/internal/controller.(*Controller).reconcileHandler\n\t/go/pkg/mod/sigs.k8s.io/controller-runtime@v0.14.1/pkg/internal/controller/controller.go:323\nsigs.k8s.io/controller-runtime/pkg/internal/controller.(*Controller).processNextWorkItem\n\t/go/pkg/mod/sigs.k8s.io/controller-runtime@v0.14.1/pkg/internal/controller/controller.go:274\nsigs.k8s.io/controller-runtime/pkg/internal/controller.(*Controller).Start.func2.2\n\t/go/pkg/mod/sigs.k8s.io/controller-runtime@v0.14.1/pkg/internal/controller/controller.go:235"}
{"level":"info","ts":"2023-08-21T15:42:24.530Z","logger":"controller_redisenterpriseremotecluster","msg":"updating RERC resource status","Namespace":"rec","Name":"redis-canadacentral"}
{"level":"info","ts":"2023-08-21T15:42:24.538Z","logger":"controller_redisenterpriseremotecluster","msg":"Secret %s not found!","Namespace":"rec","Name":"redis-canadacentral","secretName":"redis-enterprise-redis-canadacentral"}
{"level":"error","ts":"2023-08-21T15:42:24.538Z","logger":"controller_redisenterpriseremotecluster","msg":"Failed to get active-active database health report.","Namespace":"rec","Name":"redis-canadacentral","error":"Could not find corresponding active-active database that uses the current RERC resource.","stacktrace":"github.com/RedisLabs/redis-enterprise-operator/pkg/controller/rerc.Observe\n\t/go/src/github.com/RedisLabs/redis-enterprise-operator/pkg/controller/rerc/observe.go:139\ngithub.com/RedisLabs/redis-enterprise-operator/pkg/controller/rerc.(*ReconcileRedisEnterpriseRemoteCluster).Reconcile\n\t/go/src/github.com/RedisLabs/redis-enterprise-operator/pkg/controller/rerc/redisenterpriseremotecluster_controller.go:104\nsigs.k8s.io/controller-runtime/pkg/internal/controller.(*Controller).Reconcile\n\t/go/pkg/mod/sigs.k8s.io/controller-runtime@v0.14.1/pkg/internal/controller/controller.go:122\nsigs.k8s.io/controller-runtime/pkg/internal/controller.(*Controller).reconcileHandler\n\t/go/pkg/mod/sigs.k8s.io/controller-runtime@v0.14.1/pkg/internal/controller/controller.go:323\nsigs.k8s.io/controller-runtime/pkg/internal/controller.(*Controller).processNextWorkItem\n\t/go/pkg/mod/sigs.k8s.io/controller-runtime@v0.14.1/pkg/internal/controller/controller.go:274\nsigs.k8s.io/controller-runtime/pkg/internal/controller.(*Controller).Start.func2.2\n\t/go/pkg/mod/sigs.k8s.io/controller-runtime@v0.14.1/pkg/internal/controller/controller.go:235"}
{"level":"error","ts":"2023-08-21T15:42:24.538Z","logger":"controller_redisenterpriseremotecluster","msg":"RERC Spec Invalid.","Namespace":"rec","Name":"redis-canadacentral","error":"secret is missing. Expected: redis-enterprise-redis-canadacentral","stacktrace":"github.com/RedisLabs/redis-enterprise-operator/pkg/controller/rerc.Analyze\n\t/go/src/github.com/RedisLabs/redis-enterprise-operator/pkg/controller/rerc/analyze.go:45\ngithub.com/RedisLabs/redis-enterprise-operator/pkg/controller/rerc.(*ReconcileRedisEnterpriseRemoteCluster).Reconcile\n\t/go/src/github.com/RedisLabs/redis-enterprise-operator/pkg/controller/rerc/redisenterpriseremotecluster_controller.go:126\nsigs.k8s.io/controller-runtime/pkg/internal/controller.(*Controller).Reconcile\n\t/go/pkg/mod/sigs.k8s.io/controller-runtime@v0.14.1/pkg/internal/controller/controller.go:122\nsigs.k8s.io/controller-runtime/pkg/internal/controller.(*Controller).reconcileHandler\n\t/go/pkg/mod/sigs.k8s.io/controller-runtime@v0.14.1/pkg/internal/controller/controller.go:323\nsigs.k8s.io/controller-runtime/pkg/internal/controller.(*Controller).processNextWorkItem\n\t/go/pkg/mod/sigs.k8s.io/controller-runtime@v0.14.1/pkg/internal/controller/controller.go:274\nsigs.k8s.io/controller-runtime/pkg/internal/controller.(*Controller).Start.func2.2\n\t/go/pkg/mod/sigs.k8s.io/controller-runtime@v0.14.1/pkg/internal/controller/controller.go:235"}
{"level":"info","ts":"2023-08-21T15:42:24.621Z","logger":"controller_redisenterpriseremotecluster","msg":"Secret %s not found!","Namespace":"rec","Name":"redis-eastus","secretName":"redis-enterprise-redis-eastus"}
{"level":"error","ts":"2023-08-21T15:42:24.621Z","logger":"controller_redisenterpriseremotecluster","msg":"Failed to get active-active database health report.","Namespace":"rec","Name":"redis-eastus","error":"Could not find corresponding active-active database that uses the current RERC resource.","stacktrace":"github.com/RedisLabs/redis-enterprise-operator/pkg/controller/rerc.Observe\n\t/go/src/github.com/RedisLabs/redis-enterprise-operator/pkg/controller/rerc/observe.go:139\ngithub.com/RedisLabs/redis-enterprise-operator/pkg/controller/rerc.(*ReconcileRedisEnterpriseRemoteCluster).Reconcile\n\t/go/src/github.com/RedisLabs/redis-enterprise-operator/pkg/controller/rerc/redisenterpriseremotecluster_controller.go:104\nsigs.k8s.io/controller-runtime/pkg/internal/controller.(*Controller).Reconcile\n\t/go/pkg/mod/sigs.k8s.io/controller-runtime@v0.14.1/pkg/internal/controller/controller.go:122\nsigs.k8s.io/controller-runtime/pkg/internal/controller.(*Controller).reconcileHandler\n\t/go/pkg/mod/sigs.k8s.io/controller-runtime@v0.14.1/pkg/internal/controller/controller.go:323\nsigs.k8s.io/controller-runtime/pkg/internal/controller.(*Controller).processNextWorkItem\n\t/go/pkg/mod/sigs.k8s.io/controller-runtime@v0.14.1/pkg/internal/controller/controller.go:274\nsigs.k8s.io/controller-runtime/pkg/internal/controller.(*Controller).Start.func2.2\n\t/go/pkg/mod/sigs.k8s.io/controller-runtime@v0.14.1/pkg/internal/controller/controller.go:235"}
{"level":"error","ts":"2023-08-21T15:42:24.621Z","logger":"controller_redisenterpriseremotecluster","msg":"RERC Spec Invalid.","Namespace":"rec","Name":"redis-eastus","error":"secret is missing. Expected: redis-enterprise-redis-eastus","stacktrace":"github.com/RedisLabs/redis-enterprise-operator/pkg/controller/rerc.Analyze\n\t/go/src/github.com/RedisLabs/redis-enterprise-operator/pkg/controller/rerc/analyze.go:45\ngithub.com/RedisLabs/redis-enterprise-operator/pkg/controller/rerc.(*ReconcileRedisEnterpriseRemoteCluster).Reconcile\n\t/go/src/github.com/RedisLabs/redis-enterprise-operator/pkg/controller/rerc/redisenterpriseremotecluster_controller.go:126\nsigs.k8s.io/controller-runtime/pkg/internal/controller.(*Controller).Reconcile\n\t/go/pkg/mod/sigs.k8s.io/controller-runtime@v0.14.1/pkg/internal/controller/controller.go:122\nsigs.k8s.io/controller-runtime/pkg/internal/controller.(*Controller).reconcileHandler\n\t/go/pkg/mod/sigs.k8s.io/controller-runtime@v0.14.1/pkg/internal/controller/controller.go:323\nsigs.k8s.io/controller-runtime/pkg/internal/controller.(*Controller).processNextWorkItem\n\t/go/pkg/mod/sigs.k8s.io/controller-runtime@v0.14.1/pkg/internal/controller/controller.go:274\nsigs.k8s.io/controller-runtime/pkg/internal/controller.(*Controller).Start.func2.2\n\t/go/pkg/mod/sigs.k8s.io/controller-runtime@v0.14.1/pkg/internal/controller/controller.go:235"}
{"level":"info","ts":"2023-08-21T15:42:24.621Z","logger":"controller_redisenterpriseremotecluster","msg":"Updating RERC resource","Namespace":"rec","Name":"redis-eastus"}
{"level":"info","ts":"2023-08-21T15:42:24.632Z","logger":"controller_redisenterpriseremotecluster","msg":"updating RERC resource status","Namespace":"rec","Name":"redis-eastus"}
{"level":"info","ts":"2023-08-21T15:42:24.640Z","logger":"controller_redisenterpriseremotecluster","msg":"Secret %s not found!","Namespace":"rec","Name":"redis-eastus","secretName":"redis-enterprise-redis-eastus"}
{"level":"error","ts":"2023-08-21T15:42:24.640Z","logger":"controller_redisenterpriseremotecluster","msg":"Failed to get active-active database health report.","Namespace":"rec","Name":"redis-eastus","error":"Could not find corresponding active-active database that uses the current RERC resource.","stacktrace":"github.com/RedisLabs/redis-enterprise-operator/pkg/controller/rerc.Observe\n\t/go/src/github.com/RedisLabs/redis-enterprise-operator/pkg/controller/rerc/observe.go:139\ngithub.com/RedisLabs/redis-enterprise-operator/pkg/controller/rerc.(*ReconcileRedisEnterpriseRemoteCluster).Reconcile\n\t/go/src/github.com/RedisLabs/redis-enterprise-operator/pkg/controller/rerc/redisenterpriseremotecluster_controller.go:104\nsigs.k8s.io/controller-runtime/pkg/internal/controller.(*Controller).Reconcile\n\t/go/pkg/mod/sigs.k8s.io/controller-runtime@v0.14.1/pkg/internal/controller/controller.go:122\nsigs.k8s.io/controller-runtime/pkg/internal/controller.(*Controller).reconcileHandler\n\t/go/pkg/mod/sigs.k8s.io/controller-runtime@v0.14.1/pkg/internal/controller/controller.go:323\nsigs.k8s.io/controller-runtime/pkg/internal/controller.(*Controller).processNextWorkItem\n\t/go/pkg/mod/sigs.k8s.io/controller-runtime@v0.14.1/pkg/internal/controller/controller.go:274\nsigs.k8s.io/controller-runtime/pkg/internal/controller.(*Controller).Start.func2.2\n\t/go/pkg/mod/sigs.k8s.io/controller-runtime@v0.14.1/pkg/internal/controller/controller.go:235"}
{"level":"error","ts":"2023-08-21T15:42:24.640Z","logger":"controller_redisenterpriseremotecluster","msg":"RERC Spec Invalid.","Namespace":"rec","Name":"redis-eastus","error":"secret is missing. Expected: redis-enterprise-redis-eastus","stacktrace":"github.com/RedisLabs/redis-enterprise-operator/pkg/controller/rerc.Analyze\n\t/go/src/github.com/RedisLabs/redis-enterprise-operator/pkg/controller/rerc/analyze.go:45\ngithub.com/RedisLabs/redis-enterprise-operator/pkg/controller/rerc.(*ReconcileRedisEnterpriseRemoteCluster).Reconcile\n\t/go/src/github.com/RedisLabs/redis-enterprise-operator/pkg/controller/rerc/redisenterpriseremotecluster_controller.go:126\nsigs.k8s.io/controller-runtime/pkg/internal/controller.(*Controller).Reconcile\n\t/go/pkg/mod/sigs.k8s.io/controller-runtime@v0.14.1/pkg/internal/controller/controller.go:122\nsigs.k8s.io/controller-runtime/pkg/internal/controller.(*Controller).reconcileHandler\n\t/go/pkg/mod/sigs.k8s.io/controller-runtime@v0.14.1/pkg/internal/controller/controller.go:323\nsigs.k8s.io/controller-runtime/pkg/internal/controller.(*Controller).processNextWorkItem\n\t/go/pkg/mod/sigs.k8s.io/controller-runtime@v0.14.1/pkg/internal/controller/controller.go:274\nsigs.k8s.io/controller-runtime/pkg/internal/controller.(*Controller).Start.func2.2\n\t/go/pkg/mod/sigs.k8s.io/controller-runtime@v0.14.1/pkg/internal/controller/controller.go:235"}
{"level":"info","ts":"2023-08-21T15:42:24.640Z","logger":"controller_redisenterpriseremotecluster","msg":"updating RERC resource status","Namespace":"rec","Name":"redis-eastus"}
{"level":"info","ts":"2023-08-21T15:42:24.651Z","logger":"controller_redisenterpriseremotecluster","msg":"Secret %s not found!","Namespace":"rec","Name":"redis-eastus","secretName":"redis-enterprise-redis-eastus"}
{"level":"error","ts":"2023-08-21T15:42:24.651Z","logger":"controller_redisenterpriseremotecluster","msg":"Failed to get active-active database health report.","Namespace":"rec","Name":"redis-eastus","error":"Could not find corresponding active-active database that uses the current RERC resource.","stacktrace":"github.com/RedisLabs/redis-enterprise-operator/pkg/controller/rerc.Observe\n\t/go/src/github.com/RedisLabs/redis-enterprise-operator/pkg/controller/rerc/observe.go:139\ngithub.com/RedisLabs/redis-enterprise-operator/pkg/controller/rerc.(*ReconcileRedisEnterpriseRemoteCluster).Reconcile\n\t/go/src/github.com/RedisLabs/redis-enterprise-operator/pkg/controller/rerc/redisenterpriseremotecluster_controller.go:104\nsigs.k8s.io/controller-runtime/pkg/internal/controller.(*Controller).Reconcile\n\t/go/pkg/mod/sigs.k8s.io/controller-runtime@v0.14.1/pkg/internal/controller/controller.go:122\nsigs.k8s.io/controller-runtime/pkg/internal/controller.(*Controller).reconcileHandler\n\t/go/pkg/mod/sigs.k8s.io/controller-runtime@v0.14.1/pkg/internal/controller/controller.go:323\nsigs.k8s.io/controller-runtime/pkg/internal/controller.(*Controller).processNextWorkItem\n\t/go/pkg/mod/sigs.k8s.io/controller-runtime@v0.14.1/pkg/internal/controller/controller.go:274\nsigs.k8s.io/controller-runtime/pkg/internal/controller.(*Controller).Start.func2.2\n\t/go/pkg/mod/sigs.k8s.io/controller-runtime@v0.14.1/pkg/internal/controller/controller.go:235"}
{"level":"error","ts":"2023-08-21T15:42:24.651Z","logger":"controller_redisenterpriseremotecluster","msg":"RERC Spec Invalid.","Namespace":"rec","Name":"redis-eastus","error":"secret is missing. Expected: redis-enterprise-redis-eastus","stacktrace":"github.com/RedisLabs/redis-enterprise-operator/pkg/controller/rerc.Analyze\n\t/go/src/github.com/RedisLabs/redis-enterprise-operator/pkg/controller/rerc/analyze.go:45\ngithub.com/RedisLabs/redis-enterprise-operator/pkg/controller/rerc.(*ReconcileRedisEnterpriseRemoteCluster).Reconcile\n\t/go/src/github.com/RedisLabs/redis-enterprise-operator/pkg/controller/rerc/redisenterpriseremotecluster_controller.go:126\nsigs.k8s.io/controller-runtime/pkg/internal/controller.(*Controller).Reconcile\n\t/go/pkg/mod/sigs.k8s.io/controller-runtime@v0.14.1/pkg/internal/controller/controller.go:122\nsigs.k8s.io/controller-runtime/pkg/internal/controller.(*Controller).reconcileHandler\n\t/go/pkg/mod/sigs.k8s.io/controller-runtime@v0.14.1/pkg/internal/controller/controller.go:323\nsigs.k8s.io/controller-runtime/pkg/internal/controller.(*Controller).processNextWorkItem\n\t/go/pkg/mod/sigs.k8s.io/controller-runtime@v0.14.1/pkg/internal/controller/controller.go:274\nsigs.k8s.io/controller-runtime/pkg/internal/controller.(*Controller).Start.func2.2\n\t/go/pkg/mod/sigs.k8s.io/controller-runtime@v0.14.1/pkg/internal/controller/controller.go:235"}
{"level":"info","ts":"2023-08-21T15:42:28.394Z","logger":"controller_redisenterpriseremotecluster","msg":"updating RERC resource status","Namespace":"rec","Name":"redis-eastus"}
{"level":"info","ts":"2023-08-21T15:42:28.612Z","logger":"controller_redisenterpriseremotecluster","msg":"updating RERC resource status","Namespace":"rec","Name":"redis-canadacentral"}
{"level":"info","ts":"2023-08-21T15:42:51.891Z","logger":"controller_redisenterpriseactiveactivedatabase","msg":"Creating REAADB: crdb-anton"}
